WARNING - 2024-05-17 11:56:13 --> [DEPRECATED] Creation of dynamic property App\Controllers\Auth::$ModelAuth is deprecated in APPPATH\Controllers\Auth.php on line 11.
 1 SYSTEMPATH\CodeIgniter.php(903): App\Controllers\Auth->__construct()
 2 SYSTEMPATH\CodeIgniter.php(500): CodeIgniter\CodeIgniter->createController()
 3 SYSTEMPATH\CodeIgniter.php(355): CodeIgniter\CodeIgniter->handleRequest(null, Object(Config\Cache), false)
 4 SYSTEMPATH\Boot.php(312): CodeIgniter\CodeIgniter->run()
 5 SYSTEMPATH\Boot.php(67): CodeIgniter\Boot::runCodeIgniter(Object(CodeIgniter\CodeIgniter))
 6 FCPATH\index.php(56): CodeIgniter\Boot::bootWeb(Object(Config\Paths))
 7 SYSTEMPATH\Commands\Server\rewrite.php(49): require_once('C:\\xampp\\web-perpus-fixx\\public\\index.php')
WARNING - 2024-05-17 11:56:17 --> [DEPRECATED] Creation of dynamic property App\Controllers\Auth::$ModelAuth is deprecated in APPPATH\Controllers\Auth.php on line 11.
 1 SYSTEMPATH\CodeIgniter.php(903): App\Controllers\Auth->__construct()
 2 SYSTEMPATH\CodeIgniter.php(500): CodeIgniter\CodeIgniter->createController()
 3 SYSTEMPATH\CodeIgniter.php(355): CodeIgniter\CodeIgniter->handleRequest(null, Object(Config\Cache), false)
 4 SYSTEMPATH\Boot.php(312): CodeIgniter\CodeIgniter->run()
 5 SYSTEMPATH\Boot.php(67): CodeIgniter\Boot::runCodeIgniter(Object(CodeIgniter\CodeIgniter))
 6 FCPATH\index.php(56): CodeIgniter\Boot::bootWeb(Object(Config\Paths))
 7 SYSTEMPATH\Commands\Server\rewrite.php(49): require_once('C:\\xampp\\web-perpus-fixx\\public\\index.php')
INFO - 2024-05-17 11:56:17 --> Session: Class initialized using 'CodeIgniter\Session\Handlers\FileHandler' driver.
WARNING - 2024-05-17 11:56:24 --> [DEPRECATED] Creation of dynamic property App\Controllers\Auth::$ModelAuth is deprecated in APPPATH\Controllers\Auth.php on line 11.
 1 SYSTEMPATH\CodeIgniter.php(903): App\Controllers\Auth->__construct()
 2 SYSTEMPATH\CodeIgniter.php(500): CodeIgniter\CodeIgniter->createController()
 3 SYSTEMPATH\CodeIgniter.php(355): CodeIgniter\CodeIgniter->handleRequest(null, Object(Config\Cache), false)
 4 SYSTEMPATH\Boot.php(312): CodeIgniter\CodeIgniter->run()
 5 SYSTEMPATH\Boot.php(67): CodeIgniter\Boot::runCodeIgniter(Object(CodeIgniter\CodeIgniter))
 6 FCPATH\index.php(56): CodeIgniter\Boot::bootWeb(Object(Config\Paths))
 7 SYSTEMPATH\Commands\Server\rewrite.php(49): require_once('C:\\xampp\\web-perpus-fixx\\public\\index.php')
INFO - 2024-05-17 11:56:24 --> Session: Class initialized using 'CodeIgniter\Session\Handlers\FileHandler' driver.
INFO - 2024-05-17 11:56:24 --> Session: Class initialized using 'CodeIgniter\Session\Handlers\FileHandler' driver.
WARNING - 2024-05-17 11:56:24 --> [DEPRECATED] Creation of dynamic property App\Controllers\Admin::$ModelAdmin is deprecated in APPPATH\Controllers\Admin.php on line 10.
 1 SYSTEMPATH\CodeIgniter.php(903): App\Controllers\Admin->__construct()
 2 SYSTEMPATH\CodeIgniter.php(500): CodeIgniter\CodeIgniter->createController()
 3 SYSTEMPATH\CodeIgniter.php(355): CodeIgniter\CodeIgniter->handleRequest(null, Object(Config\Cache), false)
 4 SYSTEMPATH\Boot.php(312): CodeIgniter\CodeIgniter->run()
 5 SYSTEMPATH\Boot.php(67): CodeIgniter\Boot::runCodeIgniter(Object(CodeIgniter\CodeIgniter))
 6 FCPATH\index.php(56): CodeIgniter\Boot::bootWeb(Object(Config\Paths))
 7 SYSTEMPATH\Commands\Server\rewrite.php(49): require_once('C:\\xampp\\web-perpus-fixx\\public\\index.php')
INFO - 2024-05-17 11:56:39 --> Session: Class initialized using 'CodeIgniter\Session\Handlers\FileHandler' driver.
WARNING - 2024-05-17 11:56:40 --> [DEPRECATED] Creation of dynamic property App\Controllers\Cbuku::$ModelBuku is deprecated in APPPATH\Controllers\Cbuku.php on line 17.
 1 SYSTEMPATH\CodeIgniter.php(903): App\Controllers\Cbuku->__construct()
 2 SYSTEMPATH\CodeIgniter.php(500): CodeIgniter\CodeIgniter->createController()
 3 SYSTEMPATH\CodeIgniter.php(355): CodeIgniter\CodeIgniter->handleRequest(null, Object(Config\Cache), false)
 4 SYSTEMPATH\Boot.php(312): CodeIgniter\CodeIgniter->run()
 5 SYSTEMPATH\Boot.php(67): CodeIgniter\Boot::runCodeIgniter(Object(CodeIgniter\CodeIgniter))
 6 FCPATH\index.php(56): CodeIgniter\Boot::bootWeb(Object(Config\Paths))
 7 SYSTEMPATH\Commands\Server\rewrite.php(49): require_once('C:\\xampp\\web-perpus-fixx\\public\\index.php')
WARNING - 2024-05-17 11:56:40 --> [DEPRECATED] Creation of dynamic property App\Controllers\Cbuku::$ModelKategori is deprecated in APPPATH\Controllers\Cbuku.php on line 18.
 1 SYSTEMPATH\CodeIgniter.php(903): App\Controllers\Cbuku->__construct()
 2 SYSTEMPATH\CodeIgniter.php(500): CodeIgniter\CodeIgniter->createController()
 3 SYSTEMPATH\CodeIgniter.php(355): CodeIgniter\CodeIgniter->handleRequest(null, Object(Config\Cache), false)
 4 SYSTEMPATH\Boot.php(312): CodeIgniter\CodeIgniter->run()
 5 SYSTEMPATH\Boot.php(67): CodeIgniter\Boot::runCodeIgniter(Object(CodeIgniter\CodeIgniter))
 6 FCPATH\index.php(56): CodeIgniter\Boot::bootWeb(Object(Config\Paths))
 7 SYSTEMPATH\Commands\Server\rewrite.php(49): require_once('C:\\xampp\\web-perpus-fixx\\public\\index.php')
WARNING - 2024-05-17 11:56:40 --> [DEPRECATED] Creation of dynamic property App\Controllers\Cbuku::$ModelPenulis is deprecated in APPPATH\Controllers\Cbuku.php on line 19.
 1 SYSTEMPATH\CodeIgniter.php(903): App\Controllers\Cbuku->__construct()
 2 SYSTEMPATH\CodeIgniter.php(500): CodeIgniter\CodeIgniter->createController()
 3 SYSTEMPATH\CodeIgniter.php(355): CodeIgniter\CodeIgniter->handleRequest(null, Object(Config\Cache), false)
 4 SYSTEMPATH\Boot.php(312): CodeIgniter\CodeIgniter->run()
 5 SYSTEMPATH\Boot.php(67): CodeIgniter\Boot::runCodeIgniter(Object(CodeIgniter\CodeIgniter))
 6 FCPATH\index.php(56): CodeIgniter\Boot::bootWeb(Object(Config\Paths))
 7 SYSTEMPATH\Commands\Server\rewrite.php(49): require_once('C:\\xampp\\web-perpus-fixx\\public\\index.php')
WARNING - 2024-05-17 11:56:40 --> [DEPRECATED] Creation of dynamic property App\Controllers\Cbuku::$ModelPenerbit is deprecated in APPPATH\Controllers\Cbuku.php on line 20.
 1 SYSTEMPATH\CodeIgniter.php(903): App\Controllers\Cbuku->__construct()
 2 SYSTEMPATH\CodeIgniter.php(500): CodeIgniter\CodeIgniter->createController()
 3 SYSTEMPATH\CodeIgniter.php(355): CodeIgniter\CodeIgniter->handleRequest(null, Object(Config\Cache), false)
 4 SYSTEMPATH\Boot.php(312): CodeIgniter\CodeIgniter->run()
 5 SYSTEMPATH\Boot.php(67): CodeIgniter\Boot::runCodeIgniter(Object(CodeIgniter\CodeIgniter))
 6 FCPATH\index.php(56): CodeIgniter\Boot::bootWeb(Object(Config\Paths))
 7 SYSTEMPATH\Commands\Server\rewrite.php(49): require_once('C:\\xampp\\web-perpus-fixx\\public\\index.php')
INFO - 2024-05-17 11:57:06 --> Session: Class initialized using 'CodeIgniter\Session\Handlers\FileHandler' driver.
WARNING - 2024-05-17 11:57:06 --> [DEPRECATED] Creation of dynamic property App\Controllers\Cbuku::$ModelBuku is deprecated in APPPATH\Controllers\Cbuku.php on line 17.
 1 SYSTEMPATH\CodeIgniter.php(903): App\Controllers\Cbuku->__construct()
 2 SYSTEMPATH\CodeIgniter.php(500): CodeIgniter\CodeIgniter->createController()
 3 SYSTEMPATH\CodeIgniter.php(355): CodeIgniter\CodeIgniter->handleRequest(null, Object(Config\Cache), false)
 4 SYSTEMPATH\Boot.php(312): CodeIgniter\CodeIgniter->run()
 5 SYSTEMPATH\Boot.php(67): CodeIgniter\Boot::runCodeIgniter(Object(CodeIgniter\CodeIgniter))
 6 FCPATH\index.php(56): CodeIgniter\Boot::bootWeb(Object(Config\Paths))
 7 SYSTEMPATH\Commands\Server\rewrite.php(49): require_once('C:\\xampp\\web-perpus-fixx\\public\\index.php')
WARNING - 2024-05-17 11:57:06 --> [DEPRECATED] Creation of dynamic property App\Controllers\Cbuku::$ModelKategori is deprecated in APPPATH\Controllers\Cbuku.php on line 18.
 1 SYSTEMPATH\CodeIgniter.php(903): App\Controllers\Cbuku->__construct()
 2 SYSTEMPATH\CodeIgniter.php(500): CodeIgniter\CodeIgniter->createController()
 3 SYSTEMPATH\CodeIgniter.php(355): CodeIgniter\CodeIgniter->handleRequest(null, Object(Config\Cache), false)
 4 SYSTEMPATH\Boot.php(312): CodeIgniter\CodeIgniter->run()
 5 SYSTEMPATH\Boot.php(67): CodeIgniter\Boot::runCodeIgniter(Object(CodeIgniter\CodeIgniter))
 6 FCPATH\index.php(56): CodeIgniter\Boot::bootWeb(Object(Config\Paths))
 7 SYSTEMPATH\Commands\Server\rewrite.php(49): require_once('C:\\xampp\\web-perpus-fixx\\public\\index.php')
WARNING - 2024-05-17 11:57:06 --> [DEPRECATED] Creation of dynamic property App\Controllers\Cbuku::$ModelPenulis is deprecated in APPPATH\Controllers\Cbuku.php on line 19.
 1 SYSTEMPATH\CodeIgniter.php(903): App\Controllers\Cbuku->__construct()
 2 SYSTEMPATH\CodeIgniter.php(500): CodeIgniter\CodeIgniter->createController()
 3 SYSTEMPATH\CodeIgniter.php(355): CodeIgniter\CodeIgniter->handleRequest(null, Object(Config\Cache), false)
 4 SYSTEMPATH\Boot.php(312): CodeIgniter\CodeIgniter->run()
 5 SYSTEMPATH\Boot.php(67): CodeIgniter\Boot::runCodeIgniter(Object(CodeIgniter\CodeIgniter))
 6 FCPATH\index.php(56): CodeIgniter\Boot::bootWeb(Object(Config\Paths))
 7 SYSTEMPATH\Commands\Server\rewrite.php(49): require_once('C:\\xampp\\web-perpus-fixx\\public\\index.php')
WARNING - 2024-05-17 11:57:06 --> [DEPRECATED] Creation of dynamic property App\Controllers\Cbuku::$ModelPenerbit is deprecated in APPPATH\Controllers\Cbuku.php on line 20.
 1 SYSTEMPATH\CodeIgniter.php(903): App\Controllers\Cbuku->__construct()
 2 SYSTEMPATH\CodeIgniter.php(500): CodeIgniter\CodeIgniter->createController()
 3 SYSTEMPATH\CodeIgniter.php(355): CodeIgniter\CodeIgniter->handleRequest(null, Object(Config\Cache), false)
 4 SYSTEMPATH\Boot.php(312): CodeIgniter\CodeIgniter->run()
 5 SYSTEMPATH\Boot.php(67): CodeIgniter\Boot::runCodeIgniter(Object(CodeIgniter\CodeIgniter))
 6 FCPATH\index.php(56): CodeIgniter\Boot::bootWeb(Object(Config\Paths))
 7 SYSTEMPATH\Commands\Server\rewrite.php(49): require_once('C:\\xampp\\web-perpus-fixx\\public\\index.php')
ERROR - 2024-05-17 11:57:06 --> mysqli_sql_exception: Column 'id' cannot be null in C:\xampp\web-perpus-fixx\system\Database\MySQLi\Connection.php:308
Stack trace:
#0 C:\xampp\web-perpus-fixx\system\Database\MySQLi\Connection.php(308): mysqli->query('INSERT INTO `tb...', 0)
#1 C:\xampp\web-perpus-fixx\system\Database\BaseConnection.php(722): CodeIgniter\Database\MySQLi\Connection->execute('INSERT INTO `tb...')
#2 C:\xampp\web-perpus-fixx\system\Database\BaseConnection.php(636): CodeIgniter\Database\BaseConnection->simpleQuery('INSERT INTO `tb...')
#3 C:\xampp\web-perpus-fixx\system\Database\BaseBuilder.php(2325): CodeIgniter\Database\BaseConnection->query('INSERT INTO `tb...', Array, false)
#4 C:\xampp\web-perpus-fixx\app\Models\ModelBuku.php(30): CodeIgniter\Database\BaseBuilder->insert(Array)
#5 C:\xampp\web-perpus-fixx\app\Controllers\Cbuku.php(103): App\Models\ModelBuku->TambahBuku(Array)
#6 C:\xampp\web-perpus-fixx\system\CodeIgniter.php(933): App\Controllers\Cbuku->TambahBuku()
#7 C:\xampp\web-perpus-fixx\system\CodeIgniter.php(509): CodeIgniter\CodeIgniter->runController(Object(App\Controllers\Cbuku))
#8 C:\xampp\web-perpus-fixx\system\CodeIgniter.php(355): CodeIgniter\CodeIgniter->handleRequest(NULL, Object(Config\Cache), false)
#9 C:\xampp\web-perpus-fixx\system\Boot.php(312): CodeIgniter\CodeIgniter->run()
#10 C:\xampp\web-perpus-fixx\system\Boot.php(67): CodeIgniter\Boot::runCodeIgniter(Object(CodeIgniter\CodeIgniter))
#11 C:\xampp\web-perpus-fixx\public\index.php(56): CodeIgniter\Boot::bootWeb(Object(Config\Paths))
#12 C:\xampp\web-perpus-fixx\system\Commands\Server\rewrite.php(49): require_once('C:\\xampp\\web-pe...')
#13 {main}
CRITICAL - 2024-05-17 11:57:06 --> CodeIgniter\Database\Exceptions\DatabaseException: Column 'id' cannot be null
[Method: POST, Route: CBuku/TambahBuku]
in SYSTEMPATH\Database\BaseConnection.php on line 676.
 1 SYSTEMPATH\Database\BaseBuilder.php(2325): CodeIgniter\Database\BaseConnection->query('INSERT INTO `tb_buku` (`id`, `judul`, `penulis_id`, `kategori_id`, `penerbit_id`, `jumlah`, `tahun`, `lokasi`, `foto_buku`) VALUES (:id:, :judul:, :penulis_id:, :kategori_id:, :penerbit_id:, :jumlah:, :tahun:, :lokasi:, :foto_buku:)', [...], false)
 2 APPPATH\Models\ModelBuku.php(30): CodeIgniter\Database\BaseBuilder->insert([...])
 3 APPPATH\Controllers\Cbuku.php(103): App\Models\ModelBuku->TambahBuku([...])
 4 SYSTEMPATH\CodeIgniter.php(933): App\Controllers\Cbuku->TambahBuku()
 5 SYSTEMPATH\CodeIgniter.php(509): CodeIgniter\CodeIgniter->runController(Object(App\Controllers\Cbuku))
 6 SYSTEMPATH\CodeIgniter.php(355): CodeIgniter\CodeIgniter->handleRequest(null, Object(Config\Cache), false)
 7 SYSTEMPATH\Boot.php(312): CodeIgniter\CodeIgniter->run()
 8 SYSTEMPATH\Boot.php(67): CodeIgniter\Boot::runCodeIgniter(Object(CodeIgniter\CodeIgniter))
 9 FCPATH\index.php(56): CodeIgniter\Boot::bootWeb(Object(Config\Paths))
10 SYSTEMPATH\Commands\Server\rewrite.php(49): require_once('C:\\xampp\\web-perpus-fixx\\public\\index.php')
CRITICAL - 2024-05-17 11:57:06 --> [Caused by] CodeIgniter\Database\Exceptions\DatabaseException: Column 'id' cannot be null
in SYSTEMPATH\Database\MySQLi\Connection.php on line 313.
 1 SYSTEMPATH\Database\BaseConnection.php(722): CodeIgniter\Database\MySQLi\Connection->execute('INSERT INTO `tb_buku` (`id`, `judul`, `penulis_id`, `kategori_id`, `penerbit_id`, `jumlah`, `tahun`, `lokasi`, `foto_buku`) VALUES (NULL, \'Harry Potter\', \'0\', \'2\', \'3\', \'4\', \'2001\', \'rak 5 lantai 2\', \'1715947026_5307ba73c6b6fceba587.jpeg\')')
 2 SYSTEMPATH\Database\BaseConnection.php(636): CodeIgniter\Database\BaseConnection->simpleQuery('INSERT INTO `tb_buku` (`id`, `judul`, `penulis_id`, `kategori_id`, `penerbit_id`, `jumlah`, `tahun`, `lokasi`, `foto_buku`) VALUES (NULL, \'Harry Potter\', \'0\', \'2\', \'3\', \'4\', \'2001\', \'rak 5 lantai 2\', \'1715947026_5307ba73c6b6fceba587.jpeg\')')
 3 SYSTEMPATH\Database\BaseBuilder.php(2325): CodeIgniter\Database\BaseConnection->query('INSERT INTO `tb_buku` (`id`, `judul`, `penulis_id`, `kategori_id`, `penerbit_id`, `jumlah`, `tahun`, `lokasi`, `foto_buku`) VALUES (:id:, :judul:, :penulis_id:, :kategori_id:, :penerbit_id:, :jumlah:, :tahun:, :lokasi:, :foto_buku:)', [...], false)
 4 APPPATH\Models\ModelBuku.php(30): CodeIgniter\Database\BaseBuilder->insert([...])
 5 APPPATH\Controllers\Cbuku.php(103): App\Models\ModelBuku->TambahBuku([...])
 6 SYSTEMPATH\CodeIgniter.php(933): App\Controllers\Cbuku->TambahBuku()
 7 SYSTEMPATH\CodeIgniter.php(509): CodeIgniter\CodeIgniter->runController(Object(App\Controllers\Cbuku))
 8 SYSTEMPATH\CodeIgniter.php(355): CodeIgniter\CodeIgniter->handleRequest(null, Object(Config\Cache), false)
 9 SYSTEMPATH\Boot.php(312): CodeIgniter\CodeIgniter->run()
10 SYSTEMPATH\Boot.php(67): CodeIgniter\Boot::runCodeIgniter(Object(CodeIgniter\CodeIgniter))
11 FCPATH\index.php(56): CodeIgniter\Boot::bootWeb(Object(Config\Paths))
12 SYSTEMPATH\Commands\Server\rewrite.php(49): require_once('C:\\xampp\\web-perpus-fixx\\public\\index.php')
CRITICAL - 2024-05-17 11:57:06 --> [Caused by] mysqli_sql_exception: Column 'id' cannot be null
in SYSTEMPATH\Database\MySQLi\Connection.php on line 308.
 1 SYSTEMPATH\Database\MySQLi\Connection.php(308): mysqli->query('INSERT INTO `tb_buku` (`id`, `judul`, `penulis_id`, `kategori_id`, `penerbit_id`, `jumlah`, `tahun`, `lokasi`, `foto_buku`) VALUES (NULL, \'Harry Potter\', \'0\', \'2\', \'3\', \'4\', \'2001\', \'rak 5 lantai 2\', \'1715947026_5307ba73c6b6fceba587.jpeg\')', 0)
 2 SYSTEMPATH\Database\BaseConnection.php(722): CodeIgniter\Database\MySQLi\Connection->execute('INSERT INTO `tb_buku` (`id`, `judul`, `penulis_id`, `kategori_id`, `penerbit_id`, `jumlah`, `tahun`, `lokasi`, `foto_buku`) VALUES (NULL, \'Harry Potter\', \'0\', \'2\', \'3\', \'4\', \'2001\', \'rak 5 lantai 2\', \'1715947026_5307ba73c6b6fceba587.jpeg\')')
 3 SYSTEMPATH\Database\BaseConnection.php(636): CodeIgniter\Database\BaseConnection->simpleQuery('INSERT INTO `tb_buku` (`id`, `judul`, `penulis_id`, `kategori_id`, `penerbit_id`, `jumlah`, `tahun`, `lokasi`, `foto_buku`) VALUES (NULL, \'Harry Potter\', \'0\', \'2\', \'3\', \'4\', \'2001\', \'rak 5 lantai 2\', \'1715947026_5307ba73c6b6fceba587.jpeg\')')
 4 SYSTEMPATH\Database\BaseBuilder.php(2325): CodeIgniter\Database\BaseConnection->query('INSERT INTO `tb_buku` (`id`, `judul`, `penulis_id`, `kategori_id`, `penerbit_id`, `jumlah`, `tahun`, `lokasi`, `foto_buku`) VALUES (:id:, :judul:, :penulis_id:, :kategori_id:, :penerbit_id:, :jumlah:, :tahun:, :lokasi:, :foto_buku:)', [...], false)
 5 APPPATH\Models\ModelBuku.php(30): CodeIgniter\Database\BaseBuilder->insert([...])
 6 APPPATH\Controllers\Cbuku.php(103): App\Models\ModelBuku->TambahBuku([...])
 7 SYSTEMPATH\CodeIgniter.php(933): App\Controllers\Cbuku->TambahBuku()
 8 SYSTEMPATH\CodeIgniter.php(509): CodeIgniter\CodeIgniter->runController(Object(App\Controllers\Cbuku))
 9 SYSTEMPATH\CodeIgniter.php(355): CodeIgniter\CodeIgniter->handleRequest(null, Object(Config\Cache), false)
10 SYSTEMPATH\Boot.php(312): CodeIgniter\CodeIgniter->run()
11 SYSTEMPATH\Boot.php(67): CodeIgniter\Boot::runCodeIgniter(Object(CodeIgniter\CodeIgniter))
12 FCPATH\index.php(56): CodeIgniter\Boot::bootWeb(Object(Config\Paths))
13 SYSTEMPATH\Commands\Server\rewrite.php(49): require_once('C:\\xampp\\web-perpus-fixx\\public\\index.php')
INFO - 2024-05-17 11:58:13 --> Session: Class initialized using 'CodeIgniter\Session\Handlers\FileHandler' driver.
WARNING - 2024-05-17 11:58:13 --> [DEPRECATED] Creation of dynamic property App\Controllers\Cbuku::$ModelBuku is deprecated in APPPATH\Controllers\Cbuku.php on line 17.
 1 SYSTEMPATH\CodeIgniter.php(903): App\Controllers\Cbuku->__construct()
 2 SYSTEMPATH\CodeIgniter.php(500): CodeIgniter\CodeIgniter->createController()
 3 SYSTEMPATH\CodeIgniter.php(355): CodeIgniter\CodeIgniter->handleRequest(null, Object(Config\Cache), false)
 4 SYSTEMPATH\Boot.php(312): CodeIgniter\CodeIgniter->run()
 5 SYSTEMPATH\Boot.php(67): CodeIgniter\Boot::runCodeIgniter(Object(CodeIgniter\CodeIgniter))
 6 FCPATH\index.php(56): CodeIgniter\Boot::bootWeb(Object(Config\Paths))
 7 SYSTEMPATH\Commands\Server\rewrite.php(49): require_once('C:\\xampp\\web-perpus-fixx\\public\\index.php')
WARNING - 2024-05-17 11:58:13 --> [DEPRECATED] Creation of dynamic property App\Controllers\Cbuku::$ModelKategori is deprecated in APPPATH\Controllers\Cbuku.php on line 18.
 1 SYSTEMPATH\CodeIgniter.php(903): App\Controllers\Cbuku->__construct()
 2 SYSTEMPATH\CodeIgniter.php(500): CodeIgniter\CodeIgniter->createController()
 3 SYSTEMPATH\CodeIgniter.php(355): CodeIgniter\CodeIgniter->handleRequest(null, Object(Config\Cache), false)
 4 SYSTEMPATH\Boot.php(312): CodeIgniter\CodeIgniter->run()
 5 SYSTEMPATH\Boot.php(67): CodeIgniter\Boot::runCodeIgniter(Object(CodeIgniter\CodeIgniter))
 6 FCPATH\index.php(56): CodeIgniter\Boot::bootWeb(Object(Config\Paths))
 7 SYSTEMPATH\Commands\Server\rewrite.php(49): require_once('C:\\xampp\\web-perpus-fixx\\public\\index.php')
WARNING - 2024-05-17 11:58:13 --> [DEPRECATED] Creation of dynamic property App\Controllers\Cbuku::$ModelPenulis is deprecated in APPPATH\Controllers\Cbuku.php on line 19.
 1 SYSTEMPATH\CodeIgniter.php(903): App\Controllers\Cbuku->__construct()
 2 SYSTEMPATH\CodeIgniter.php(500): CodeIgniter\CodeIgniter->createController()
 3 SYSTEMPATH\CodeIgniter.php(355): CodeIgniter\CodeIgniter->handleRequest(null, Object(Config\Cache), false)
 4 SYSTEMPATH\Boot.php(312): CodeIgniter\CodeIgniter->run()
 5 SYSTEMPATH\Boot.php(67): CodeIgniter\Boot::runCodeIgniter(Object(CodeIgniter\CodeIgniter))
 6 FCPATH\index.php(56): CodeIgniter\Boot::bootWeb(Object(Config\Paths))
 7 SYSTEMPATH\Commands\Server\rewrite.php(49): require_once('C:\\xampp\\web-perpus-fixx\\public\\index.php')
WARNING - 2024-05-17 11:58:13 --> [DEPRECATED] Creation of dynamic property App\Controllers\Cbuku::$ModelPenerbit is deprecated in APPPATH\Controllers\Cbuku.php on line 20.
 1 SYSTEMPATH\CodeIgniter.php(903): App\Controllers\Cbuku->__construct()
 2 SYSTEMPATH\CodeIgniter.php(500): CodeIgniter\CodeIgniter->createController()
 3 SYSTEMPATH\CodeIgniter.php(355): CodeIgniter\CodeIgniter->handleRequest(null, Object(Config\Cache), false)
 4 SYSTEMPATH\Boot.php(312): CodeIgniter\CodeIgniter->run()
 5 SYSTEMPATH\Boot.php(67): CodeIgniter\Boot::runCodeIgniter(Object(CodeIgniter\CodeIgniter))
 6 FCPATH\index.php(56): CodeIgniter\Boot::bootWeb(Object(Config\Paths))
 7 SYSTEMPATH\Commands\Server\rewrite.php(49): require_once('C:\\xampp\\web-perpus-fixx\\public\\index.php')
INFO - 2024-05-17 11:58:29 --> Session: Class initialized using 'CodeIgniter\Session\Handlers\FileHandler' driver.
WARNING - 2024-05-17 11:58:29 --> [DEPRECATED] Creation of dynamic property App\Controllers\Cbuku::$ModelBuku is deprecated in APPPATH\Controllers\Cbuku.php on line 17.
 1 SYSTEMPATH\CodeIgniter.php(903): App\Controllers\Cbuku->__construct()
 2 SYSTEMPATH\CodeIgniter.php(500): CodeIgniter\CodeIgniter->createController()
 3 SYSTEMPATH\CodeIgniter.php(355): CodeIgniter\CodeIgniter->handleRequest(null, Object(Config\Cache), false)
 4 SYSTEMPATH\Boot.php(312): CodeIgniter\CodeIgniter->run()
 5 SYSTEMPATH\Boot.php(67): CodeIgniter\Boot::runCodeIgniter(Object(CodeIgniter\CodeIgniter))
 6 FCPATH\index.php(56): CodeIgniter\Boot::bootWeb(Object(Config\Paths))
 7 SYSTEMPATH\Commands\Server\rewrite.php(49): require_once('C:\\xampp\\web-perpus-fixx\\public\\index.php')
WARNING - 2024-05-17 11:58:29 --> [DEPRECATED] Creation of dynamic property App\Controllers\Cbuku::$ModelKategori is deprecated in APPPATH\Controllers\Cbuku.php on line 18.
 1 SYSTEMPATH\CodeIgniter.php(903): App\Controllers\Cbuku->__construct()
 2 SYSTEMPATH\CodeIgniter.php(500): CodeIgniter\CodeIgniter->createController()
 3 SYSTEMPATH\CodeIgniter.php(355): CodeIgniter\CodeIgniter->handleRequest(null, Object(Config\Cache), false)
 4 SYSTEMPATH\Boot.php(312): CodeIgniter\CodeIgniter->run()
 5 SYSTEMPATH\Boot.php(67): CodeIgniter\Boot::runCodeIgniter(Object(CodeIgniter\CodeIgniter))
 6 FCPATH\index.php(56): CodeIgniter\Boot::bootWeb(Object(Config\Paths))
 7 SYSTEMPATH\Commands\Server\rewrite.php(49): require_once('C:\\xampp\\web-perpus-fixx\\public\\index.php')
WARNING - 2024-05-17 11:58:29 --> [DEPRECATED] Creation of dynamic property App\Controllers\Cbuku::$ModelPenulis is deprecated in APPPATH\Controllers\Cbuku.php on line 19.
 1 SYSTEMPATH\CodeIgniter.php(903): App\Controllers\Cbuku->__construct()
 2 SYSTEMPATH\CodeIgniter.php(500): CodeIgniter\CodeIgniter->createController()
 3 SYSTEMPATH\CodeIgniter.php(355): CodeIgniter\CodeIgniter->handleRequest(null, Object(Config\Cache), false)
 4 SYSTEMPATH\Boot.php(312): CodeIgniter\CodeIgniter->run()
 5 SYSTEMPATH\Boot.php(67): CodeIgniter\Boot::runCodeIgniter(Object(CodeIgniter\CodeIgniter))
 6 FCPATH\index.php(56): CodeIgniter\Boot::bootWeb(Object(Config\Paths))
 7 SYSTEMPATH\Commands\Server\rewrite.php(49): require_once('C:\\xampp\\web-perpus-fixx\\public\\index.php')
WARNING - 2024-05-17 11:58:29 --> [DEPRECATED] Creation of dynamic property App\Controllers\Cbuku::$ModelPenerbit is deprecated in APPPATH\Controllers\Cbuku.php on line 20.
 1 SYSTEMPATH\CodeIgniter.php(903): App\Controllers\Cbuku->__construct()
 2 SYSTEMPATH\CodeIgniter.php(500): CodeIgniter\CodeIgniter->createController()
 3 SYSTEMPATH\CodeIgniter.php(355): CodeIgniter\CodeIgniter->handleRequest(null, Object(Config\Cache), false)
 4 SYSTEMPATH\Boot.php(312): CodeIgniter\CodeIgniter->run()
 5 SYSTEMPATH\Boot.php(67): CodeIgniter\Boot::runCodeIgniter(Object(CodeIgniter\CodeIgniter))
 6 FCPATH\index.php(56): CodeIgniter\Boot::bootWeb(Object(Config\Paths))
 7 SYSTEMPATH\Commands\Server\rewrite.php(49): require_once('C:\\xampp\\web-perpus-fixx\\public\\index.php')
CRITICAL - 2024-05-17 11:58:29 --> Error: Call to a member function getRandomName() on null
[Method: POST, Route: CBuku/TambahBuku]
in APPPATH\Controllers\Cbuku.php on line 90.
 1 SYSTEMPATH\CodeIgniter.php(933): App\Controllers\Cbuku->TambahBuku()
 2 SYSTEMPATH\CodeIgniter.php(509): CodeIgniter\CodeIgniter->runController(Object(App\Controllers\Cbuku))
 3 SYSTEMPATH\CodeIgniter.php(355): CodeIgniter\CodeIgniter->handleRequest(null, Object(Config\Cache), false)
 4 SYSTEMPATH\Boot.php(312): CodeIgniter\CodeIgniter->run()
 5 SYSTEMPATH\Boot.php(67): CodeIgniter\Boot::runCodeIgniter(Object(CodeIgniter\CodeIgniter))
 6 FCPATH\index.php(56): CodeIgniter\Boot::bootWeb(Object(Config\Paths))
 7 SYSTEMPATH\Commands\Server\rewrite.php(49): require_once('C:\\xampp\\web-perpus-fixx\\public\\index.php')
INFO - 2024-05-17 12:00:03 --> Session: Class initialized using 'CodeIgniter\Session\Handlers\FileHandler' driver.
WARNING - 2024-05-17 12:00:03 --> [DEPRECATED] Creation of dynamic property App\Controllers\Cbuku::$ModelBuku is deprecated in APPPATH\Controllers\Cbuku.php on line 17.
 1 SYSTEMPATH\CodeIgniter.php(903): App\Controllers\Cbuku->__construct()
 2 SYSTEMPATH\CodeIgniter.php(500): CodeIgniter\CodeIgniter->createController()
 3 SYSTEMPATH\CodeIgniter.php(355): CodeIgniter\CodeIgniter->handleRequest(null, Object(Config\Cache), false)
 4 SYSTEMPATH\Boot.php(312): CodeIgniter\CodeIgniter->run()
 5 SYSTEMPATH\Boot.php(67): CodeIgniter\Boot::runCodeIgniter(Object(CodeIgniter\CodeIgniter))
 6 FCPATH\index.php(56): CodeIgniter\Boot::bootWeb(Object(Config\Paths))
 7 SYSTEMPATH\Commands\Server\rewrite.php(49): require_once('C:\\xampp\\web-perpus-fixx\\public\\index.php')
WARNING - 2024-05-17 12:00:03 --> [DEPRECATED] Creation of dynamic property App\Controllers\Cbuku::$ModelKategori is deprecated in APPPATH\Controllers\Cbuku.php on line 18.
 1 SYSTEMPATH\CodeIgniter.php(903): App\Controllers\Cbuku->__construct()
 2 SYSTEMPATH\CodeIgniter.php(500): CodeIgniter\CodeIgniter->createController()
 3 SYSTEMPATH\CodeIgniter.php(355): CodeIgniter\CodeIgniter->handleRequest(null, Object(Config\Cache), false)
 4 SYSTEMPATH\Boot.php(312): CodeIgniter\CodeIgniter->run()
 5 SYSTEMPATH\Boot.php(67): CodeIgniter\Boot::runCodeIgniter(Object(CodeIgniter\CodeIgniter))
 6 FCPATH\index.php(56): CodeIgniter\Boot::bootWeb(Object(Config\Paths))
 7 SYSTEMPATH\Commands\Server\rewrite.php(49): require_once('C:\\xampp\\web-perpus-fixx\\public\\index.php')
WARNING - 2024-05-17 12:00:03 --> [DEPRECATED] Creation of dynamic property App\Controllers\Cbuku::$ModelPenulis is deprecated in APPPATH\Controllers\Cbuku.php on line 19.
 1 SYSTEMPATH\CodeIgniter.php(903): App\Controllers\Cbuku->__construct()
 2 SYSTEMPATH\CodeIgniter.php(500): CodeIgniter\CodeIgniter->createController()
 3 SYSTEMPATH\CodeIgniter.php(355): CodeIgniter\CodeIgniter->handleRequest(null, Object(Config\Cache), false)
 4 SYSTEMPATH\Boot.php(312): CodeIgniter\CodeIgniter->run()
 5 SYSTEMPATH\Boot.php(67): CodeIgniter\Boot::runCodeIgniter(Object(CodeIgniter\CodeIgniter))
 6 FCPATH\index.php(56): CodeIgniter\Boot::bootWeb(Object(Config\Paths))
 7 SYSTEMPATH\Commands\Server\rewrite.php(49): require_once('C:\\xampp\\web-perpus-fixx\\public\\index.php')
WARNING - 2024-05-17 12:00:03 --> [DEPRECATED] Creation of dynamic property App\Controllers\Cbuku::$ModelPenerbit is deprecated in APPPATH\Controllers\Cbuku.php on line 20.
 1 SYSTEMPATH\CodeIgniter.php(903): App\Controllers\Cbuku->__construct()
 2 SYSTEMPATH\CodeIgniter.php(500): CodeIgniter\CodeIgniter->createController()
 3 SYSTEMPATH\CodeIgniter.php(355): CodeIgniter\CodeIgniter->handleRequest(null, Object(Config\Cache), false)
 4 SYSTEMPATH\Boot.php(312): CodeIgniter\CodeIgniter->run()
 5 SYSTEMPATH\Boot.php(67): CodeIgniter\Boot::runCodeIgniter(Object(CodeIgniter\CodeIgniter))
 6 FCPATH\index.php(56): CodeIgniter\Boot::bootWeb(Object(Config\Paths))
 7 SYSTEMPATH\Commands\Server\rewrite.php(49): require_once('C:\\xampp\\web-perpus-fixx\\public\\index.php')
INFO - 2024-05-17 12:01:15 --> Session: Class initialized using 'CodeIgniter\Session\Handlers\FileHandler' driver.
WARNING - 2024-05-17 12:01:15 --> [DEPRECATED] Creation of dynamic property App\Controllers\Cbuku::$ModelBuku is deprecated in APPPATH\Controllers\Cbuku.php on line 17.
 1 SYSTEMPATH\CodeIgniter.php(903): App\Controllers\Cbuku->__construct()
 2 SYSTEMPATH\CodeIgniter.php(500): CodeIgniter\CodeIgniter->createController()
 3 SYSTEMPATH\CodeIgniter.php(355): CodeIgniter\CodeIgniter->handleRequest(null, Object(Config\Cache), false)
 4 SYSTEMPATH\Boot.php(312): CodeIgniter\CodeIgniter->run()
 5 SYSTEMPATH\Boot.php(67): CodeIgniter\Boot::runCodeIgniter(Object(CodeIgniter\CodeIgniter))
 6 FCPATH\index.php(56): CodeIgniter\Boot::bootWeb(Object(Config\Paths))
 7 SYSTEMPATH\Commands\Server\rewrite.php(49): require_once('C:\\xampp\\web-perpus-fixx\\public\\index.php')
WARNING - 2024-05-17 12:01:15 --> [DEPRECATED] Creation of dynamic property App\Controllers\Cbuku::$ModelKategori is deprecated in APPPATH\Controllers\Cbuku.php on line 18.
 1 SYSTEMPATH\CodeIgniter.php(903): App\Controllers\Cbuku->__construct()
 2 SYSTEMPATH\CodeIgniter.php(500): CodeIgniter\CodeIgniter->createController()
 3 SYSTEMPATH\CodeIgniter.php(355): CodeIgniter\CodeIgniter->handleRequest(null, Object(Config\Cache), false)
 4 SYSTEMPATH\Boot.php(312): CodeIgniter\CodeIgniter->run()
 5 SYSTEMPATH\Boot.php(67): CodeIgniter\Boot::runCodeIgniter(Object(CodeIgniter\CodeIgniter))
 6 FCPATH\index.php(56): CodeIgniter\Boot::bootWeb(Object(Config\Paths))
 7 SYSTEMPATH\Commands\Server\rewrite.php(49): require_once('C:\\xampp\\web-perpus-fixx\\public\\index.php')
WARNING - 2024-05-17 12:01:15 --> [DEPRECATED] Creation of dynamic property App\Controllers\Cbuku::$ModelPenulis is deprecated in APPPATH\Controllers\Cbuku.php on line 19.
 1 SYSTEMPATH\CodeIgniter.php(903): App\Controllers\Cbuku->__construct()
 2 SYSTEMPATH\CodeIgniter.php(500): CodeIgniter\CodeIgniter->createController()
 3 SYSTEMPATH\CodeIgniter.php(355): CodeIgniter\CodeIgniter->handleRequest(null, Object(Config\Cache), false)
 4 SYSTEMPATH\Boot.php(312): CodeIgniter\CodeIgniter->run()
 5 SYSTEMPATH\Boot.php(67): CodeIgniter\Boot::runCodeIgniter(Object(CodeIgniter\CodeIgniter))
 6 FCPATH\index.php(56): CodeIgniter\Boot::bootWeb(Object(Config\Paths))
 7 SYSTEMPATH\Commands\Server\rewrite.php(49): require_once('C:\\xampp\\web-perpus-fixx\\public\\index.php')
WARNING - 2024-05-17 12:01:15 --> [DEPRECATED] Creation of dynamic property App\Controllers\Cbuku::$ModelPenerbit is deprecated in APPPATH\Controllers\Cbuku.php on line 20.
 1 SYSTEMPATH\CodeIgniter.php(903): App\Controllers\Cbuku->__construct()
 2 SYSTEMPATH\CodeIgniter.php(500): CodeIgniter\CodeIgniter->createController()
 3 SYSTEMPATH\CodeIgniter.php(355): CodeIgniter\CodeIgniter->handleRequest(null, Object(Config\Cache), false)
 4 SYSTEMPATH\Boot.php(312): CodeIgniter\CodeIgniter->run()
 5 SYSTEMPATH\Boot.php(67): CodeIgniter\Boot::runCodeIgniter(Object(CodeIgniter\CodeIgniter))
 6 FCPATH\index.php(56): CodeIgniter\Boot::bootWeb(Object(Config\Paths))
 7 SYSTEMPATH\Commands\Server\rewrite.php(49): require_once('C:\\xampp\\web-perpus-fixx\\public\\index.php')
INFO - 2024-05-17 12:01:33 --> Session: Class initialized using 'CodeIgniter\Session\Handlers\FileHandler' driver.
WARNING - 2024-05-17 12:01:33 --> [DEPRECATED] Creation of dynamic property App\Controllers\Cbuku::$ModelBuku is deprecated in APPPATH\Controllers\Cbuku.php on line 17.
 1 SYSTEMPATH\CodeIgniter.php(903): App\Controllers\Cbuku->__construct()
 2 SYSTEMPATH\CodeIgniter.php(500): CodeIgniter\CodeIgniter->createController()
 3 SYSTEMPATH\CodeIgniter.php(355): CodeIgniter\CodeIgniter->handleRequest(null, Object(Config\Cache), false)
 4 SYSTEMPATH\Boot.php(312): CodeIgniter\CodeIgniter->run()
 5 SYSTEMPATH\Boot.php(67): CodeIgniter\Boot::runCodeIgniter(Object(CodeIgniter\CodeIgniter))
 6 FCPATH\index.php(56): CodeIgniter\Boot::bootWeb(Object(Config\Paths))
 7 SYSTEMPATH\Commands\Server\rewrite.php(49): require_once('C:\\xampp\\web-perpus-fixx\\public\\index.php')
WARNING - 2024-05-17 12:01:33 --> [DEPRECATED] Creation of dynamic property App\Controllers\Cbuku::$ModelKategori is deprecated in APPPATH\Controllers\Cbuku.php on line 18.
 1 SYSTEMPATH\CodeIgniter.php(903): App\Controllers\Cbuku->__construct()
 2 SYSTEMPATH\CodeIgniter.php(500): CodeIgniter\CodeIgniter->createController()
 3 SYSTEMPATH\CodeIgniter.php(355): CodeIgniter\CodeIgniter->handleRequest(null, Object(Config\Cache), false)
 4 SYSTEMPATH\Boot.php(312): CodeIgniter\CodeIgniter->run()
 5 SYSTEMPATH\Boot.php(67): CodeIgniter\Boot::runCodeIgniter(Object(CodeIgniter\CodeIgniter))
 6 FCPATH\index.php(56): CodeIgniter\Boot::bootWeb(Object(Config\Paths))
 7 SYSTEMPATH\Commands\Server\rewrite.php(49): require_once('C:\\xampp\\web-perpus-fixx\\public\\index.php')
WARNING - 2024-05-17 12:01:33 --> [DEPRECATED] Creation of dynamic property App\Controllers\Cbuku::$ModelPenulis is deprecated in APPPATH\Controllers\Cbuku.php on line 19.
 1 SYSTEMPATH\CodeIgniter.php(903): App\Controllers\Cbuku->__construct()
 2 SYSTEMPATH\CodeIgniter.php(500): CodeIgniter\CodeIgniter->createController()
 3 SYSTEMPATH\CodeIgniter.php(355): CodeIgniter\CodeIgniter->handleRequest(null, Object(Config\Cache), false)
 4 SYSTEMPATH\Boot.php(312): CodeIgniter\CodeIgniter->run()
 5 SYSTEMPATH\Boot.php(67): CodeIgniter\Boot::runCodeIgniter(Object(CodeIgniter\CodeIgniter))
 6 FCPATH\index.php(56): CodeIgniter\Boot::bootWeb(Object(Config\Paths))
 7 SYSTEMPATH\Commands\Server\rewrite.php(49): require_once('C:\\xampp\\web-perpus-fixx\\public\\index.php')
WARNING - 2024-05-17 12:01:33 --> [DEPRECATED] Creation of dynamic property App\Controllers\Cbuku::$ModelPenerbit is deprecated in APPPATH\Controllers\Cbuku.php on line 20.
 1 SYSTEMPATH\CodeIgniter.php(903): App\Controllers\Cbuku->__construct()
 2 SYSTEMPATH\CodeIgniter.php(500): CodeIgniter\CodeIgniter->createController()
 3 SYSTEMPATH\CodeIgniter.php(355): CodeIgniter\CodeIgniter->handleRequest(null, Object(Config\Cache), false)
 4 SYSTEMPATH\Boot.php(312): CodeIgniter\CodeIgniter->run()
 5 SYSTEMPATH\Boot.php(67): CodeIgniter\Boot::runCodeIgniter(Object(CodeIgniter\CodeIgniter))
 6 FCPATH\index.php(56): CodeIgniter\Boot::bootWeb(Object(Config\Paths))
 7 SYSTEMPATH\Commands\Server\rewrite.php(49): require_once('C:\\xampp\\web-perpus-fixx\\public\\index.php')
INFO - 2024-05-17 12:01:56 --> Session: Class initialized using 'CodeIgniter\Session\Handlers\FileHandler' driver.
WARNING - 2024-05-17 12:01:56 --> [DEPRECATED] Creation of dynamic property App\Controllers\Cbuku::$ModelBuku is deprecated in APPPATH\Controllers\Cbuku.php on line 17.
 1 SYSTEMPATH\CodeIgniter.php(903): App\Controllers\Cbuku->__construct()
 2 SYSTEMPATH\CodeIgniter.php(500): CodeIgniter\CodeIgniter->createController()
 3 SYSTEMPATH\CodeIgniter.php(355): CodeIgniter\CodeIgniter->handleRequest(null, Object(Config\Cache), false)
 4 SYSTEMPATH\Boot.php(312): CodeIgniter\CodeIgniter->run()
 5 SYSTEMPATH\Boot.php(67): CodeIgniter\Boot::runCodeIgniter(Object(CodeIgniter\CodeIgniter))
 6 FCPATH\index.php(56): CodeIgniter\Boot::bootWeb(Object(Config\Paths))
 7 SYSTEMPATH\Commands\Server\rewrite.php(49): require_once('C:\\xampp\\web-perpus-fixx\\public\\index.php')
WARNING - 2024-05-17 12:01:56 --> [DEPRECATED] Creation of dynamic property App\Controllers\Cbuku::$ModelKategori is deprecated in APPPATH\Controllers\Cbuku.php on line 18.
 1 SYSTEMPATH\CodeIgniter.php(903): App\Controllers\Cbuku->__construct()
 2 SYSTEMPATH\CodeIgniter.php(500): CodeIgniter\CodeIgniter->createController()
 3 SYSTEMPATH\CodeIgniter.php(355): CodeIgniter\CodeIgniter->handleRequest(null, Object(Config\Cache), false)
 4 SYSTEMPATH\Boot.php(312): CodeIgniter\CodeIgniter->run()
 5 SYSTEMPATH\Boot.php(67): CodeIgniter\Boot::runCodeIgniter(Object(CodeIgniter\CodeIgniter))
 6 FCPATH\index.php(56): CodeIgniter\Boot::bootWeb(Object(Config\Paths))
 7 SYSTEMPATH\Commands\Server\rewrite.php(49): require_once('C:\\xampp\\web-perpus-fixx\\public\\index.php')
WARNING - 2024-05-17 12:01:56 --> [DEPRECATED] Creation of dynamic property App\Controllers\Cbuku::$ModelPenulis is deprecated in APPPATH\Controllers\Cbuku.php on line 19.
 1 SYSTEMPATH\CodeIgniter.php(903): App\Controllers\Cbuku->__construct()
 2 SYSTEMPATH\CodeIgniter.php(500): CodeIgniter\CodeIgniter->createController()
 3 SYSTEMPATH\CodeIgniter.php(355): CodeIgniter\CodeIgniter->handleRequest(null, Object(Config\Cache), false)
 4 SYSTEMPATH\Boot.php(312): CodeIgniter\CodeIgniter->run()
 5 SYSTEMPATH\Boot.php(67): CodeIgniter\Boot::runCodeIgniter(Object(CodeIgniter\CodeIgniter))
 6 FCPATH\index.php(56): CodeIgniter\Boot::bootWeb(Object(Config\Paths))
 7 SYSTEMPATH\Commands\Server\rewrite.php(49): require_once('C:\\xampp\\web-perpus-fixx\\public\\index.php')
WARNING - 2024-05-17 12:01:56 --> [DEPRECATED] Creation of dynamic property App\Controllers\Cbuku::$ModelPenerbit is deprecated in APPPATH\Controllers\Cbuku.php on line 20.
 1 SYSTEMPATH\CodeIgniter.php(903): App\Controllers\Cbuku->__construct()
 2 SYSTEMPATH\CodeIgniter.php(500): CodeIgniter\CodeIgniter->createController()
 3 SYSTEMPATH\CodeIgniter.php(355): CodeIgniter\CodeIgniter->handleRequest(null, Object(Config\Cache), false)
 4 SYSTEMPATH\Boot.php(312): CodeIgniter\CodeIgniter->run()
 5 SYSTEMPATH\Boot.php(67): CodeIgniter\Boot::runCodeIgniter(Object(CodeIgniter\CodeIgniter))
 6 FCPATH\index.php(56): CodeIgniter\Boot::bootWeb(Object(Config\Paths))
 7 SYSTEMPATH\Commands\Server\rewrite.php(49): require_once('C:\\xampp\\web-perpus-fixx\\public\\index.php')
INFO - 2024-05-17 12:02:38 --> Session: Class initialized using 'CodeIgniter\Session\Handlers\FileHandler' driver.
WARNING - 2024-05-17 12:02:38 --> [DEPRECATED] Creation of dynamic property App\Controllers\Cbuku::$ModelBuku is deprecated in APPPATH\Controllers\Cbuku.php on line 17.
 1 SYSTEMPATH\CodeIgniter.php(903): App\Controllers\Cbuku->__construct()
 2 SYSTEMPATH\CodeIgniter.php(500): CodeIgniter\CodeIgniter->createController()
 3 SYSTEMPATH\CodeIgniter.php(355): CodeIgniter\CodeIgniter->handleRequest(null, Object(Config\Cache), false)
 4 SYSTEMPATH\Boot.php(312): CodeIgniter\CodeIgniter->run()
 5 SYSTEMPATH\Boot.php(67): CodeIgniter\Boot::runCodeIgniter(Object(CodeIgniter\CodeIgniter))
 6 FCPATH\index.php(56): CodeIgniter\Boot::bootWeb(Object(Config\Paths))
 7 SYSTEMPATH\Commands\Server\rewrite.php(49): require_once('C:\\xampp\\web-perpus-fixx\\public\\index.php')
WARNING - 2024-05-17 12:02:38 --> [DEPRECATED] Creation of dynamic property App\Controllers\Cbuku::$ModelKategori is deprecated in APPPATH\Controllers\Cbuku.php on line 18.
 1 SYSTEMPATH\CodeIgniter.php(903): App\Controllers\Cbuku->__construct()
 2 SYSTEMPATH\CodeIgniter.php(500): CodeIgniter\CodeIgniter->createController()
 3 SYSTEMPATH\CodeIgniter.php(355): CodeIgniter\CodeIgniter->handleRequest(null, Object(Config\Cache), false)
 4 SYSTEMPATH\Boot.php(312): CodeIgniter\CodeIgniter->run()
 5 SYSTEMPATH\Boot.php(67): CodeIgniter\Boot::runCodeIgniter(Object(CodeIgniter\CodeIgniter))
 6 FCPATH\index.php(56): CodeIgniter\Boot::bootWeb(Object(Config\Paths))
 7 SYSTEMPATH\Commands\Server\rewrite.php(49): require_once('C:\\xampp\\web-perpus-fixx\\public\\index.php')
WARNING - 2024-05-17 12:02:38 --> [DEPRECATED] Creation of dynamic property App\Controllers\Cbuku::$ModelPenulis is deprecated in APPPATH\Controllers\Cbuku.php on line 19.
 1 SYSTEMPATH\CodeIgniter.php(903): App\Controllers\Cbuku->__construct()
 2 SYSTEMPATH\CodeIgniter.php(500): CodeIgniter\CodeIgniter->createController()
 3 SYSTEMPATH\CodeIgniter.php(355): CodeIgniter\CodeIgniter->handleRequest(null, Object(Config\Cache), false)
 4 SYSTEMPATH\Boot.php(312): CodeIgniter\CodeIgniter->run()
 5 SYSTEMPATH\Boot.php(67): CodeIgniter\Boot::runCodeIgniter(Object(CodeIgniter\CodeIgniter))
 6 FCPATH\index.php(56): CodeIgniter\Boot::bootWeb(Object(Config\Paths))
 7 SYSTEMPATH\Commands\Server\rewrite.php(49): require_once('C:\\xampp\\web-perpus-fixx\\public\\index.php')
WARNING - 2024-05-17 12:02:38 --> [DEPRECATED] Creation of dynamic property App\Controllers\Cbuku::$ModelPenerbit is deprecated in APPPATH\Controllers\Cbuku.php on line 20.
 1 SYSTEMPATH\CodeIgniter.php(903): App\Controllers\Cbuku->__construct()
 2 SYSTEMPATH\CodeIgniter.php(500): CodeIgniter\CodeIgniter->createController()
 3 SYSTEMPATH\CodeIgniter.php(355): CodeIgniter\CodeIgniter->handleRequest(null, Object(Config\Cache), false)
 4 SYSTEMPATH\Boot.php(312): CodeIgniter\CodeIgniter->run()
 5 SYSTEMPATH\Boot.php(67): CodeIgniter\Boot::runCodeIgniter(Object(CodeIgniter\CodeIgniter))
 6 FCPATH\index.php(56): CodeIgniter\Boot::bootWeb(Object(Config\Paths))
 7 SYSTEMPATH\Commands\Server\rewrite.php(49): require_once('C:\\xampp\\web-perpus-fixx\\public\\index.php')
INFO - 2024-05-17 12:02:55 --> Session: Class initialized using 'CodeIgniter\Session\Handlers\FileHandler' driver.
WARNING - 2024-05-17 12:02:55 --> [DEPRECATED] Creation of dynamic property App\Controllers\Cbuku::$ModelBuku is deprecated in APPPATH\Controllers\Cbuku.php on line 17.
 1 SYSTEMPATH\CodeIgniter.php(903): App\Controllers\Cbuku->__construct()
 2 SYSTEMPATH\CodeIgniter.php(500): CodeIgniter\CodeIgniter->createController()
 3 SYSTEMPATH\CodeIgniter.php(355): CodeIgniter\CodeIgniter->handleRequest(null, Object(Config\Cache), false)
 4 SYSTEMPATH\Boot.php(312): CodeIgniter\CodeIgniter->run()
 5 SYSTEMPATH\Boot.php(67): CodeIgniter\Boot::runCodeIgniter(Object(CodeIgniter\CodeIgniter))
 6 FCPATH\index.php(56): CodeIgniter\Boot::bootWeb(Object(Config\Paths))
 7 SYSTEMPATH\Commands\Server\rewrite.php(49): require_once('C:\\xampp\\web-perpus-fixx\\public\\index.php')
WARNING - 2024-05-17 12:02:55 --> [DEPRECATED] Creation of dynamic property App\Controllers\Cbuku::$ModelKategori is deprecated in APPPATH\Controllers\Cbuku.php on line 18.
 1 SYSTEMPATH\CodeIgniter.php(903): App\Controllers\Cbuku->__construct()
 2 SYSTEMPATH\CodeIgniter.php(500): CodeIgniter\CodeIgniter->createController()
 3 SYSTEMPATH\CodeIgniter.php(355): CodeIgniter\CodeIgniter->handleRequest(null, Object(Config\Cache), false)
 4 SYSTEMPATH\Boot.php(312): CodeIgniter\CodeIgniter->run()
 5 SYSTEMPATH\Boot.php(67): CodeIgniter\Boot::runCodeIgniter(Object(CodeIgniter\CodeIgniter))
 6 FCPATH\index.php(56): CodeIgniter\Boot::bootWeb(Object(Config\Paths))
 7 SYSTEMPATH\Commands\Server\rewrite.php(49): require_once('C:\\xampp\\web-perpus-fixx\\public\\index.php')
WARNING - 2024-05-17 12:02:55 --> [DEPRECATED] Creation of dynamic property App\Controllers\Cbuku::$ModelPenulis is deprecated in APPPATH\Controllers\Cbuku.php on line 19.
 1 SYSTEMPATH\CodeIgniter.php(903): App\Controllers\Cbuku->__construct()
 2 SYSTEMPATH\CodeIgniter.php(500): CodeIgniter\CodeIgniter->createController()
 3 SYSTEMPATH\CodeIgniter.php(355): CodeIgniter\CodeIgniter->handleRequest(null, Object(Config\Cache), false)
 4 SYSTEMPATH\Boot.php(312): CodeIgniter\CodeIgniter->run()
 5 SYSTEMPATH\Boot.php(67): CodeIgniter\Boot::runCodeIgniter(Object(CodeIgniter\CodeIgniter))
 6 FCPATH\index.php(56): CodeIgniter\Boot::bootWeb(Object(Config\Paths))
 7 SYSTEMPATH\Commands\Server\rewrite.php(49): require_once('C:\\xampp\\web-perpus-fixx\\public\\index.php')
WARNING - 2024-05-17 12:02:55 --> [DEPRECATED] Creation of dynamic property App\Controllers\Cbuku::$ModelPenerbit is deprecated in APPPATH\Controllers\Cbuku.php on line 20.
 1 SYSTEMPATH\CodeIgniter.php(903): App\Controllers\Cbuku->__construct()
 2 SYSTEMPATH\CodeIgniter.php(500): CodeIgniter\CodeIgniter->createController()
 3 SYSTEMPATH\CodeIgniter.php(355): CodeIgniter\CodeIgniter->handleRequest(null, Object(Config\Cache), false)
 4 SYSTEMPATH\Boot.php(312): CodeIgniter\CodeIgniter->run()
 5 SYSTEMPATH\Boot.php(67): CodeIgniter\Boot::runCodeIgniter(Object(CodeIgniter\CodeIgniter))
 6 FCPATH\index.php(56): CodeIgniter\Boot::bootWeb(Object(Config\Paths))
 7 SYSTEMPATH\Commands\Server\rewrite.php(49): require_once('C:\\xampp\\web-perpus-fixx\\public\\index.php')
INFO - 2024-05-17 12:03:14 --> Session: Class initialized using 'CodeIgniter\Session\Handlers\FileHandler' driver.
WARNING - 2024-05-17 12:03:14 --> [DEPRECATED] Creation of dynamic property App\Controllers\Cbuku::$ModelBuku is deprecated in APPPATH\Controllers\Cbuku.php on line 17.
 1 SYSTEMPATH\CodeIgniter.php(903): App\Controllers\Cbuku->__construct()
 2 SYSTEMPATH\CodeIgniter.php(500): CodeIgniter\CodeIgniter->createController()
 3 SYSTEMPATH\CodeIgniter.php(355): CodeIgniter\CodeIgniter->handleRequest(null, Object(Config\Cache), false)
 4 SYSTEMPATH\Boot.php(312): CodeIgniter\CodeIgniter->run()
 5 SYSTEMPATH\Boot.php(67): CodeIgniter\Boot::runCodeIgniter(Object(CodeIgniter\CodeIgniter))
 6 FCPATH\index.php(56): CodeIgniter\Boot::bootWeb(Object(Config\Paths))
 7 SYSTEMPATH\Commands\Server\rewrite.php(49): require_once('C:\\xampp\\web-perpus-fixx\\public\\index.php')
WARNING - 2024-05-17 12:03:14 --> [DEPRECATED] Creation of dynamic property App\Controllers\Cbuku::$ModelKategori is deprecated in APPPATH\Controllers\Cbuku.php on line 18.
 1 SYSTEMPATH\CodeIgniter.php(903): App\Controllers\Cbuku->__construct()
 2 SYSTEMPATH\CodeIgniter.php(500): CodeIgniter\CodeIgniter->createController()
 3 SYSTEMPATH\CodeIgniter.php(355): CodeIgniter\CodeIgniter->handleRequest(null, Object(Config\Cache), false)
 4 SYSTEMPATH\Boot.php(312): CodeIgniter\CodeIgniter->run()
 5 SYSTEMPATH\Boot.php(67): CodeIgniter\Boot::runCodeIgniter(Object(CodeIgniter\CodeIgniter))
 6 FCPATH\index.php(56): CodeIgniter\Boot::bootWeb(Object(Config\Paths))
 7 SYSTEMPATH\Commands\Server\rewrite.php(49): require_once('C:\\xampp\\web-perpus-fixx\\public\\index.php')
WARNING - 2024-05-17 12:03:14 --> [DEPRECATED] Creation of dynamic property App\Controllers\Cbuku::$ModelPenulis is deprecated in APPPATH\Controllers\Cbuku.php on line 19.
 1 SYSTEMPATH\CodeIgniter.php(903): App\Controllers\Cbuku->__construct()
 2 SYSTEMPATH\CodeIgniter.php(500): CodeIgniter\CodeIgniter->createController()
 3 SYSTEMPATH\CodeIgniter.php(355): CodeIgniter\CodeIgniter->handleRequest(null, Object(Config\Cache), false)
 4 SYSTEMPATH\Boot.php(312): CodeIgniter\CodeIgniter->run()
 5 SYSTEMPATH\Boot.php(67): CodeIgniter\Boot::runCodeIgniter(Object(CodeIgniter\CodeIgniter))
 6 FCPATH\index.php(56): CodeIgniter\Boot::bootWeb(Object(Config\Paths))
 7 SYSTEMPATH\Commands\Server\rewrite.php(49): require_once('C:\\xampp\\web-perpus-fixx\\public\\index.php')
WARNING - 2024-05-17 12:03:14 --> [DEPRECATED] Creation of dynamic property App\Controllers\Cbuku::$ModelPenerbit is deprecated in APPPATH\Controllers\Cbuku.php on line 20.
 1 SYSTEMPATH\CodeIgniter.php(903): App\Controllers\Cbuku->__construct()
 2 SYSTEMPATH\CodeIgniter.php(500): CodeIgniter\CodeIgniter->createController()
 3 SYSTEMPATH\CodeIgniter.php(355): CodeIgniter\CodeIgniter->handleRequest(null, Object(Config\Cache), false)
 4 SYSTEMPATH\Boot.php(312): CodeIgniter\CodeIgniter->run()
 5 SYSTEMPATH\Boot.php(67): CodeIgniter\Boot::runCodeIgniter(Object(CodeIgniter\CodeIgniter))
 6 FCPATH\index.php(56): CodeIgniter\Boot::bootWeb(Object(Config\Paths))
 7 SYSTEMPATH\Commands\Server\rewrite.php(49): require_once('C:\\xampp\\web-perpus-fixx\\public\\index.php')
CRITICAL - 2024-05-17 12:03:14 --> Error: Call to a member function getRandomName() on null
[Method: POST, Route: CBuku/TambahBuku]
in APPPATH\Controllers\Cbuku.php on line 90.
 1 SYSTEMPATH\CodeIgniter.php(933): App\Controllers\Cbuku->TambahBuku()
 2 SYSTEMPATH\CodeIgniter.php(509): CodeIgniter\CodeIgniter->runController(Object(App\Controllers\Cbuku))
 3 SYSTEMPATH\CodeIgniter.php(355): CodeIgniter\CodeIgniter->handleRequest(null, Object(Config\Cache), false)
 4 SYSTEMPATH\Boot.php(312): CodeIgniter\CodeIgniter->run()
 5 SYSTEMPATH\Boot.php(67): CodeIgniter\Boot::runCodeIgniter(Object(CodeIgniter\CodeIgniter))
 6 FCPATH\index.php(56): CodeIgniter\Boot::bootWeb(Object(Config\Paths))
 7 SYSTEMPATH\Commands\Server\rewrite.php(49): require_once('C:\\xampp\\web-perpus-fixx\\public\\index.php')
INFO - 2024-05-17 12:03:17 --> Session: Class initialized using 'CodeIgniter\Session\Handlers\FileHandler' driver.
WARNING - 2024-05-17 12:03:17 --> [DEPRECATED] Creation of dynamic property App\Controllers\Cbuku::$ModelBuku is deprecated in APPPATH\Controllers\Cbuku.php on line 17.
 1 SYSTEMPATH\CodeIgniter.php(903): App\Controllers\Cbuku->__construct()
 2 SYSTEMPATH\CodeIgniter.php(500): CodeIgniter\CodeIgniter->createController()
 3 SYSTEMPATH\CodeIgniter.php(355): CodeIgniter\CodeIgniter->handleRequest(null, Object(Config\Cache), false)
 4 SYSTEMPATH\Boot.php(312): CodeIgniter\CodeIgniter->run()
 5 SYSTEMPATH\Boot.php(67): CodeIgniter\Boot::runCodeIgniter(Object(CodeIgniter\CodeIgniter))
 6 FCPATH\index.php(56): CodeIgniter\Boot::bootWeb(Object(Config\Paths))
 7 SYSTEMPATH\Commands\Server\rewrite.php(49): require_once('C:\\xampp\\web-perpus-fixx\\public\\index.php')
WARNING - 2024-05-17 12:03:17 --> [DEPRECATED] Creation of dynamic property App\Controllers\Cbuku::$ModelKategori is deprecated in APPPATH\Controllers\Cbuku.php on line 18.
 1 SYSTEMPATH\CodeIgniter.php(903): App\Controllers\Cbuku->__construct()
 2 SYSTEMPATH\CodeIgniter.php(500): CodeIgniter\CodeIgniter->createController()
 3 SYSTEMPATH\CodeIgniter.php(355): CodeIgniter\CodeIgniter->handleRequest(null, Object(Config\Cache), false)
 4 SYSTEMPATH\Boot.php(312): CodeIgniter\CodeIgniter->run()
 5 SYSTEMPATH\Boot.php(67): CodeIgniter\Boot::runCodeIgniter(Object(CodeIgniter\CodeIgniter))
 6 FCPATH\index.php(56): CodeIgniter\Boot::bootWeb(Object(Config\Paths))
 7 SYSTEMPATH\Commands\Server\rewrite.php(49): require_once('C:\\xampp\\web-perpus-fixx\\public\\index.php')
WARNING - 2024-05-17 12:03:17 --> [DEPRECATED] Creation of dynamic property App\Controllers\Cbuku::$ModelPenulis is deprecated in APPPATH\Controllers\Cbuku.php on line 19.
 1 SYSTEMPATH\CodeIgniter.php(903): App\Controllers\Cbuku->__construct()
 2 SYSTEMPATH\CodeIgniter.php(500): CodeIgniter\CodeIgniter->createController()
 3 SYSTEMPATH\CodeIgniter.php(355): CodeIgniter\CodeIgniter->handleRequest(null, Object(Config\Cache), false)
 4 SYSTEMPATH\Boot.php(312): CodeIgniter\CodeIgniter->run()
 5 SYSTEMPATH\Boot.php(67): CodeIgniter\Boot::runCodeIgniter(Object(CodeIgniter\CodeIgniter))
 6 FCPATH\index.php(56): CodeIgniter\Boot::bootWeb(Object(Config\Paths))
 7 SYSTEMPATH\Commands\Server\rewrite.php(49): require_once('C:\\xampp\\web-perpus-fixx\\public\\index.php')
WARNING - 2024-05-17 12:03:17 --> [DEPRECATED] Creation of dynamic property App\Controllers\Cbuku::$ModelPenerbit is deprecated in APPPATH\Controllers\Cbuku.php on line 20.
 1 SYSTEMPATH\CodeIgniter.php(903): App\Controllers\Cbuku->__construct()
 2 SYSTEMPATH\CodeIgniter.php(500): CodeIgniter\CodeIgniter->createController()
 3 SYSTEMPATH\CodeIgniter.php(355): CodeIgniter\CodeIgniter->handleRequest(null, Object(Config\Cache), false)
 4 SYSTEMPATH\Boot.php(312): CodeIgniter\CodeIgniter->run()
 5 SYSTEMPATH\Boot.php(67): CodeIgniter\Boot::runCodeIgniter(Object(CodeIgniter\CodeIgniter))
 6 FCPATH\index.php(56): CodeIgniter\Boot::bootWeb(Object(Config\Paths))
 7 SYSTEMPATH\Commands\Server\rewrite.php(49): require_once('C:\\xampp\\web-perpus-fixx\\public\\index.php')
INFO - 2024-05-17 12:03:19 --> Session: Class initialized using 'CodeIgniter\Session\Handlers\FileHandler' driver.
WARNING - 2024-05-17 12:03:19 --> [DEPRECATED] Creation of dynamic property App\Controllers\Kategori::$ModelKategori is deprecated in APPPATH\Controllers\Kategori.php on line 14.
 1 SYSTEMPATH\CodeIgniter.php(903): App\Controllers\Kategori->__construct()
 2 SYSTEMPATH\CodeIgniter.php(500): CodeIgniter\CodeIgniter->createController()
 3 SYSTEMPATH\CodeIgniter.php(355): CodeIgniter\CodeIgniter->handleRequest(null, Object(Config\Cache), false)
 4 SYSTEMPATH\Boot.php(312): CodeIgniter\CodeIgniter->run()
 5 SYSTEMPATH\Boot.php(67): CodeIgniter\Boot::runCodeIgniter(Object(CodeIgniter\CodeIgniter))
 6 FCPATH\index.php(56): CodeIgniter\Boot::bootWeb(Object(Config\Paths))
 7 SYSTEMPATH\Commands\Server\rewrite.php(49): require_once('C:\\xampp\\web-perpus-fixx\\public\\index.php')
INFO - 2024-05-17 12:03:26 --> Session: Class initialized using 'CodeIgniter\Session\Handlers\FileHandler' driver.
WARNING - 2024-05-17 12:03:26 --> [DEPRECATED] Creation of dynamic property App\Controllers\Kategori::$ModelKategori is deprecated in APPPATH\Controllers\Kategori.php on line 14.
 1 SYSTEMPATH\CodeIgniter.php(903): App\Controllers\Kategori->__construct()
 2 SYSTEMPATH\CodeIgniter.php(500): CodeIgniter\CodeIgniter->createController()
 3 SYSTEMPATH\CodeIgniter.php(355): CodeIgniter\CodeIgniter->handleRequest(null, Object(Config\Cache), false)
 4 SYSTEMPATH\Boot.php(312): CodeIgniter\CodeIgniter->run()
 5 SYSTEMPATH\Boot.php(67): CodeIgniter\Boot::runCodeIgniter(Object(CodeIgniter\CodeIgniter))
 6 FCPATH\index.php(56): CodeIgniter\Boot::bootWeb(Object(Config\Paths))
 7 SYSTEMPATH\Commands\Server\rewrite.php(49): require_once('C:\\xampp\\web-perpus-fixx\\public\\index.php')
INFO - 2024-05-17 12:03:26 --> Session: Class initialized using 'CodeIgniter\Session\Handlers\FileHandler' driver.
WARNING - 2024-05-17 12:03:26 --> [DEPRECATED] Creation of dynamic property App\Controllers\Kategori::$ModelKategori is deprecated in APPPATH\Controllers\Kategori.php on line 14.
 1 SYSTEMPATH\CodeIgniter.php(903): App\Controllers\Kategori->__construct()
 2 SYSTEMPATH\CodeIgniter.php(500): CodeIgniter\CodeIgniter->createController()
 3 SYSTEMPATH\CodeIgniter.php(355): CodeIgniter\CodeIgniter->handleRequest(null, Object(Config\Cache), false)
 4 SYSTEMPATH\Boot.php(312): CodeIgniter\CodeIgniter->run()
 5 SYSTEMPATH\Boot.php(67): CodeIgniter\Boot::runCodeIgniter(Object(CodeIgniter\CodeIgniter))
 6 FCPATH\index.php(56): CodeIgniter\Boot::bootWeb(Object(Config\Paths))
 7 SYSTEMPATH\Commands\Server\rewrite.php(49): require_once('C:\\xampp\\web-perpus-fixx\\public\\index.php')
INFO - 2024-05-17 12:03:29 --> Session: Class initialized using 'CodeIgniter\Session\Handlers\FileHandler' driver.
WARNING - 2024-05-17 12:03:29 --> [DEPRECATED] Creation of dynamic property App\Controllers\Penerbit::$ModelPenerbit is deprecated in APPPATH\Controllers\Penerbit.php on line 13.
 1 SYSTEMPATH\CodeIgniter.php(903): App\Controllers\Penerbit->__construct()
 2 SYSTEMPATH\CodeIgniter.php(500): CodeIgniter\CodeIgniter->createController()
 3 SYSTEMPATH\CodeIgniter.php(355): CodeIgniter\CodeIgniter->handleRequest(null, Object(Config\Cache), false)
 4 SYSTEMPATH\Boot.php(312): CodeIgniter\CodeIgniter->run()
 5 SYSTEMPATH\Boot.php(67): CodeIgniter\Boot::runCodeIgniter(Object(CodeIgniter\CodeIgniter))
 6 FCPATH\index.php(56): CodeIgniter\Boot::bootWeb(Object(Config\Paths))
 7 SYSTEMPATH\Commands\Server\rewrite.php(49): require_once('C:\\xampp\\web-perpus-fixx\\public\\index.php')
INFO - 2024-05-17 12:03:49 --> Session: Class initialized using 'CodeIgniter\Session\Handlers\FileHandler' driver.
WARNING - 2024-05-17 12:03:49 --> [DEPRECATED] Creation of dynamic property App\Controllers\Penerbit::$ModelPenerbit is deprecated in APPPATH\Controllers\Penerbit.php on line 13.
 1 SYSTEMPATH\CodeIgniter.php(903): App\Controllers\Penerbit->__construct()
 2 SYSTEMPATH\CodeIgniter.php(500): CodeIgniter\CodeIgniter->createController()
 3 SYSTEMPATH\CodeIgniter.php(355): CodeIgniter\CodeIgniter->handleRequest(null, Object(Config\Cache), false)
 4 SYSTEMPATH\Boot.php(312): CodeIgniter\CodeIgniter->run()
 5 SYSTEMPATH\Boot.php(67): CodeIgniter\Boot::runCodeIgniter(Object(CodeIgniter\CodeIgniter))
 6 FCPATH\index.php(56): CodeIgniter\Boot::bootWeb(Object(Config\Paths))
 7 SYSTEMPATH\Commands\Server\rewrite.php(49): require_once('C:\\xampp\\web-perpus-fixx\\public\\index.php')
ERROR - 2024-05-17 12:03:49 --> mysqli_sql_exception: Unknown column 'nama_penerbit' in 'field list' in C:\xampp\web-perpus-fixx\system\Database\MySQLi\Connection.php:308
Stack trace:
#0 C:\xampp\web-perpus-fixx\system\Database\MySQLi\Connection.php(308): mysqli->query('INSERT INTO `tb...', 0)
#1 C:\xampp\web-perpus-fixx\system\Database\BaseConnection.php(722): CodeIgniter\Database\MySQLi\Connection->execute('INSERT INTO `tb...')
#2 C:\xampp\web-perpus-fixx\system\Database\BaseConnection.php(636): CodeIgniter\Database\BaseConnection->simpleQuery('INSERT INTO `tb...')
#3 C:\xampp\web-perpus-fixx\system\Database\BaseBuilder.php(2325): CodeIgniter\Database\BaseConnection->query('INSERT INTO `tb...', Array, false)
#4 C:\xampp\web-perpus-fixx\app\Models\ModelPenerbit.php(16): CodeIgniter\Database\BaseBuilder->insert(Array)
#5 C:\xampp\web-perpus-fixx\app\Controllers\Penerbit.php(34): App\Models\ModelPenerbit->Tambah(Array)
#6 C:\xampp\web-perpus-fixx\system\CodeIgniter.php(933): App\Controllers\Penerbit->Tambah()
#7 C:\xampp\web-perpus-fixx\system\CodeIgniter.php(509): CodeIgniter\CodeIgniter->runController(Object(App\Controllers\Penerbit))
#8 C:\xampp\web-perpus-fixx\system\CodeIgniter.php(355): CodeIgniter\CodeIgniter->handleRequest(NULL, Object(Config\Cache), false)
#9 C:\xampp\web-perpus-fixx\system\Boot.php(312): CodeIgniter\CodeIgniter->run()
#10 C:\xampp\web-perpus-fixx\system\Boot.php(67): CodeIgniter\Boot::runCodeIgniter(Object(CodeIgniter\CodeIgniter))
#11 C:\xampp\web-perpus-fixx\public\index.php(56): CodeIgniter\Boot::bootWeb(Object(Config\Paths))
#12 C:\xampp\web-perpus-fixx\system\Commands\Server\rewrite.php(49): require_once('C:\\xampp\\web-pe...')
#13 {main}
CRITICAL - 2024-05-17 12:03:49 --> CodeIgniter\Database\Exceptions\DatabaseException: Unknown column 'nama_penerbit' in 'field list'
[Method: POST, Route: Penerbit/Tambah]
in SYSTEMPATH\Database\BaseConnection.php on line 676.
 1 SYSTEMPATH\Database\BaseBuilder.php(2325): CodeIgniter\Database\BaseConnection->query('INSERT INTO `tb_penerbit` (`nama_penerbit`) VALUES (:nama_penerbit:)', [...], false)
 2 APPPATH\Models\ModelPenerbit.php(16): CodeIgniter\Database\BaseBuilder->insert([...])
 3 APPPATH\Controllers\Penerbit.php(34): App\Models\ModelPenerbit->Tambah([...])
 4 SYSTEMPATH\CodeIgniter.php(933): App\Controllers\Penerbit->Tambah()
 5 SYSTEMPATH\CodeIgniter.php(509): CodeIgniter\CodeIgniter->runController(Object(App\Controllers\Penerbit))
 6 SYSTEMPATH\CodeIgniter.php(355): CodeIgniter\CodeIgniter->handleRequest(null, Object(Config\Cache), false)
 7 SYSTEMPATH\Boot.php(312): CodeIgniter\CodeIgniter->run()
 8 SYSTEMPATH\Boot.php(67): CodeIgniter\Boot::runCodeIgniter(Object(CodeIgniter\CodeIgniter))
 9 FCPATH\index.php(56): CodeIgniter\Boot::bootWeb(Object(Config\Paths))
10 SYSTEMPATH\Commands\Server\rewrite.php(49): require_once('C:\\xampp\\web-perpus-fixx\\public\\index.php')
CRITICAL - 2024-05-17 12:03:49 --> [Caused by] CodeIgniter\Database\Exceptions\DatabaseException: Unknown column 'nama_penerbit' in 'field list'
in SYSTEMPATH\Database\MySQLi\Connection.php on line 313.
 1 SYSTEMPATH\Database\BaseConnection.php(722): CodeIgniter\Database\MySQLi\Connection->execute('INSERT INTO `tb_penerbit` (`nama_penerbit`) VALUES (NULL)')
 2 SYSTEMPATH\Database\BaseConnection.php(636): CodeIgniter\Database\BaseConnection->simpleQuery('INSERT INTO `tb_penerbit` (`nama_penerbit`) VALUES (NULL)')
 3 SYSTEMPATH\Database\BaseBuilder.php(2325): CodeIgniter\Database\BaseConnection->query('INSERT INTO `tb_penerbit` (`nama_penerbit`) VALUES (:nama_penerbit:)', [...], false)
 4 APPPATH\Models\ModelPenerbit.php(16): CodeIgniter\Database\BaseBuilder->insert([...])
 5 APPPATH\Controllers\Penerbit.php(34): App\Models\ModelPenerbit->Tambah([...])
 6 SYSTEMPATH\CodeIgniter.php(933): App\Controllers\Penerbit->Tambah()
 7 SYSTEMPATH\CodeIgniter.php(509): CodeIgniter\CodeIgniter->runController(Object(App\Controllers\Penerbit))
 8 SYSTEMPATH\CodeIgniter.php(355): CodeIgniter\CodeIgniter->handleRequest(null, Object(Config\Cache), false)
 9 SYSTEMPATH\Boot.php(312): CodeIgniter\CodeIgniter->run()
10 SYSTEMPATH\Boot.php(67): CodeIgniter\Boot::runCodeIgniter(Object(CodeIgniter\CodeIgniter))
11 FCPATH\index.php(56): CodeIgniter\Boot::bootWeb(Object(Config\Paths))
12 SYSTEMPATH\Commands\Server\rewrite.php(49): require_once('C:\\xampp\\web-perpus-fixx\\public\\index.php')
CRITICAL - 2024-05-17 12:03:49 --> [Caused by] mysqli_sql_exception: Unknown column 'nama_penerbit' in 'field list'
in SYSTEMPATH\Database\MySQLi\Connection.php on line 308.
 1 SYSTEMPATH\Database\MySQLi\Connection.php(308): mysqli->query('INSERT INTO `tb_penerbit` (`nama_penerbit`) VALUES (NULL)', 0)
 2 SYSTEMPATH\Database\BaseConnection.php(722): CodeIgniter\Database\MySQLi\Connection->execute('INSERT INTO `tb_penerbit` (`nama_penerbit`) VALUES (NULL)')
 3 SYSTEMPATH\Database\BaseConnection.php(636): CodeIgniter\Database\BaseConnection->simpleQuery('INSERT INTO `tb_penerbit` (`nama_penerbit`) VALUES (NULL)')
 4 SYSTEMPATH\Database\BaseBuilder.php(2325): CodeIgniter\Database\BaseConnection->query('INSERT INTO `tb_penerbit` (`nama_penerbit`) VALUES (:nama_penerbit:)', [...], false)
 5 APPPATH\Models\ModelPenerbit.php(16): CodeIgniter\Database\BaseBuilder->insert([...])
 6 APPPATH\Controllers\Penerbit.php(34): App\Models\ModelPenerbit->Tambah([...])
 7 SYSTEMPATH\CodeIgniter.php(933): App\Controllers\Penerbit->Tambah()
 8 SYSTEMPATH\CodeIgniter.php(509): CodeIgniter\CodeIgniter->runController(Object(App\Controllers\Penerbit))
 9 SYSTEMPATH\CodeIgniter.php(355): CodeIgniter\CodeIgniter->handleRequest(null, Object(Config\Cache), false)
10 SYSTEMPATH\Boot.php(312): CodeIgniter\CodeIgniter->run()
11 SYSTEMPATH\Boot.php(67): CodeIgniter\Boot::runCodeIgniter(Object(CodeIgniter\CodeIgniter))
12 FCPATH\index.php(56): CodeIgniter\Boot::bootWeb(Object(Config\Paths))
13 SYSTEMPATH\Commands\Server\rewrite.php(49): require_once('C:\\xampp\\web-perpus-fixx\\public\\index.php')
INFO - 2024-05-17 12:05:08 --> Session: Class initialized using 'CodeIgniter\Session\Handlers\FileHandler' driver.
WARNING - 2024-05-17 12:05:08 --> [DEPRECATED] Creation of dynamic property App\Controllers\Penerbit::$ModelPenerbit is deprecated in APPPATH\Controllers\Penerbit.php on line 13.
 1 SYSTEMPATH\CodeIgniter.php(903): App\Controllers\Penerbit->__construct()
 2 SYSTEMPATH\CodeIgniter.php(500): CodeIgniter\CodeIgniter->createController()
 3 SYSTEMPATH\CodeIgniter.php(355): CodeIgniter\CodeIgniter->handleRequest(null, Object(Config\Cache), false)
 4 SYSTEMPATH\Boot.php(312): CodeIgniter\CodeIgniter->run()
 5 SYSTEMPATH\Boot.php(67): CodeIgniter\Boot::runCodeIgniter(Object(CodeIgniter\CodeIgniter))
 6 FCPATH\index.php(56): CodeIgniter\Boot::bootWeb(Object(Config\Paths))
 7 SYSTEMPATH\Commands\Server\rewrite.php(49): require_once('C:\\xampp\\web-perpus-fixx\\public\\index.php')
INFO - 2024-05-17 12:05:09 --> Session: Class initialized using 'CodeIgniter\Session\Handlers\FileHandler' driver.
WARNING - 2024-05-17 12:05:09 --> [DEPRECATED] Creation of dynamic property App\Controllers\Penerbit::$ModelPenerbit is deprecated in APPPATH\Controllers\Penerbit.php on line 13.
 1 SYSTEMPATH\CodeIgniter.php(903): App\Controllers\Penerbit->__construct()
 2 SYSTEMPATH\CodeIgniter.php(500): CodeIgniter\CodeIgniter->createController()
 3 SYSTEMPATH\CodeIgniter.php(355): CodeIgniter\CodeIgniter->handleRequest(null, Object(Config\Cache), false)
 4 SYSTEMPATH\Boot.php(312): CodeIgniter\CodeIgniter->run()
 5 SYSTEMPATH\Boot.php(67): CodeIgniter\Boot::runCodeIgniter(Object(CodeIgniter\CodeIgniter))
 6 FCPATH\index.php(56): CodeIgniter\Boot::bootWeb(Object(Config\Paths))
 7 SYSTEMPATH\Commands\Server\rewrite.php(49): require_once('C:\\xampp\\web-perpus-fixx\\public\\index.php')
INFO - 2024-05-17 12:05:14 --> Session: Class initialized using 'CodeIgniter\Session\Handlers\FileHandler' driver.
WARNING - 2024-05-17 12:05:14 --> [DEPRECATED] Creation of dynamic property App\Controllers\Penerbit::$ModelPenerbit is deprecated in APPPATH\Controllers\Penerbit.php on line 13.
 1 SYSTEMPATH\CodeIgniter.php(903): App\Controllers\Penerbit->__construct()
 2 SYSTEMPATH\CodeIgniter.php(500): CodeIgniter\CodeIgniter->createController()
 3 SYSTEMPATH\CodeIgniter.php(355): CodeIgniter\CodeIgniter->handleRequest(null, Object(Config\Cache), false)
 4 SYSTEMPATH\Boot.php(312): CodeIgniter\CodeIgniter->run()
 5 SYSTEMPATH\Boot.php(67): CodeIgniter\Boot::runCodeIgniter(Object(CodeIgniter\CodeIgniter))
 6 FCPATH\index.php(56): CodeIgniter\Boot::bootWeb(Object(Config\Paths))
 7 SYSTEMPATH\Commands\Server\rewrite.php(49): require_once('C:\\xampp\\web-perpus-fixx\\public\\index.php')
INFO - 2024-05-17 12:05:14 --> Session: Class initialized using 'CodeIgniter\Session\Handlers\FileHandler' driver.
WARNING - 2024-05-17 12:05:14 --> [DEPRECATED] Creation of dynamic property App\Controllers\Penerbit::$ModelPenerbit is deprecated in APPPATH\Controllers\Penerbit.php on line 13.
 1 SYSTEMPATH\CodeIgniter.php(903): App\Controllers\Penerbit->__construct()
 2 SYSTEMPATH\CodeIgniter.php(500): CodeIgniter\CodeIgniter->createController()
 3 SYSTEMPATH\CodeIgniter.php(355): CodeIgniter\CodeIgniter->handleRequest(null, Object(Config\Cache), false)
 4 SYSTEMPATH\Boot.php(312): CodeIgniter\CodeIgniter->run()
 5 SYSTEMPATH\Boot.php(67): CodeIgniter\Boot::runCodeIgniter(Object(CodeIgniter\CodeIgniter))
 6 FCPATH\index.php(56): CodeIgniter\Boot::bootWeb(Object(Config\Paths))
 7 SYSTEMPATH\Commands\Server\rewrite.php(49): require_once('C:\\xampp\\web-perpus-fixx\\public\\index.php')
INFO - 2024-05-17 12:05:17 --> Session: Class initialized using 'CodeIgniter\Session\Handlers\FileHandler' driver.
WARNING - 2024-05-17 12:05:17 --> [DEPRECATED] Creation of dynamic property App\Controllers\Penulis::$ModelPenulis is deprecated in APPPATH\Controllers\Penulis.php on line 13.
 1 SYSTEMPATH\CodeIgniter.php(903): App\Controllers\Penulis->__construct()
 2 SYSTEMPATH\CodeIgniter.php(500): CodeIgniter\CodeIgniter->createController()
 3 SYSTEMPATH\CodeIgniter.php(355): CodeIgniter\CodeIgniter->handleRequest(null, Object(Config\Cache), false)
 4 SYSTEMPATH\Boot.php(312): CodeIgniter\CodeIgniter->run()
 5 SYSTEMPATH\Boot.php(67): CodeIgniter\Boot::runCodeIgniter(Object(CodeIgniter\CodeIgniter))
 6 FCPATH\index.php(56): CodeIgniter\Boot::bootWeb(Object(Config\Paths))
 7 SYSTEMPATH\Commands\Server\rewrite.php(49): require_once('C:\\xampp\\web-perpus-fixx\\public\\index.php')
INFO - 2024-05-17 12:05:40 --> Session: Class initialized using 'CodeIgniter\Session\Handlers\FileHandler' driver.
WARNING - 2024-05-17 12:05:40 --> [DEPRECATED] Creation of dynamic property App\Controllers\Penulis::$ModelPenulis is deprecated in APPPATH\Controllers\Penulis.php on line 13.
 1 SYSTEMPATH\CodeIgniter.php(903): App\Controllers\Penulis->__construct()
 2 SYSTEMPATH\CodeIgniter.php(500): CodeIgniter\CodeIgniter->createController()
 3 SYSTEMPATH\CodeIgniter.php(355): CodeIgniter\CodeIgniter->handleRequest(null, Object(Config\Cache), false)
 4 SYSTEMPATH\Boot.php(312): CodeIgniter\CodeIgniter->run()
 5 SYSTEMPATH\Boot.php(67): CodeIgniter\Boot::runCodeIgniter(Object(CodeIgniter\CodeIgniter))
 6 FCPATH\index.php(56): CodeIgniter\Boot::bootWeb(Object(Config\Paths))
 7 SYSTEMPATH\Commands\Server\rewrite.php(49): require_once('C:\\xampp\\web-perpus-fixx\\public\\index.php')
ERROR - 2024-05-17 12:05:40 --> mysqli_sql_exception: Duplicate entry '0' for key 'PRIMARY' in C:\xampp\web-perpus-fixx\system\Database\MySQLi\Connection.php:308
Stack trace:
#0 C:\xampp\web-perpus-fixx\system\Database\MySQLi\Connection.php(308): mysqli->query('INSERT INTO `tb...', 0)
#1 C:\xampp\web-perpus-fixx\system\Database\BaseConnection.php(722): CodeIgniter\Database\MySQLi\Connection->execute('INSERT INTO `tb...')
#2 C:\xampp\web-perpus-fixx\system\Database\BaseConnection.php(636): CodeIgniter\Database\BaseConnection->simpleQuery('INSERT INTO `tb...')
#3 C:\xampp\web-perpus-fixx\system\Database\BaseBuilder.php(2325): CodeIgniter\Database\BaseConnection->query('INSERT INTO `tb...', Array, false)
#4 C:\xampp\web-perpus-fixx\app\Models\ModelPenulis.php(16): CodeIgniter\Database\BaseBuilder->insert(Array)
#5 C:\xampp\web-perpus-fixx\app\Controllers\Penulis.php(35): App\Models\ModelPenulis->Tambah(Array)
#6 C:\xampp\web-perpus-fixx\system\CodeIgniter.php(933): App\Controllers\Penulis->Tambah()
#7 C:\xampp\web-perpus-fixx\system\CodeIgniter.php(509): CodeIgniter\CodeIgniter->runController(Object(App\Controllers\Penulis))
#8 C:\xampp\web-perpus-fixx\system\CodeIgniter.php(355): CodeIgniter\CodeIgniter->handleRequest(NULL, Object(Config\Cache), false)
#9 C:\xampp\web-perpus-fixx\system\Boot.php(312): CodeIgniter\CodeIgniter->run()
#10 C:\xampp\web-perpus-fixx\system\Boot.php(67): CodeIgniter\Boot::runCodeIgniter(Object(CodeIgniter\CodeIgniter))
#11 C:\xampp\web-perpus-fixx\public\index.php(56): CodeIgniter\Boot::bootWeb(Object(Config\Paths))
#12 C:\xampp\web-perpus-fixx\system\Commands\Server\rewrite.php(49): require_once('C:\\xampp\\web-pe...')
#13 {main}
CRITICAL - 2024-05-17 12:05:40 --> CodeIgniter\Database\Exceptions\DatabaseException: Duplicate entry '0' for key 'PRIMARY'
[Method: POST, Route: Penulis/Tambah]
in SYSTEMPATH\Database\BaseConnection.php on line 676.
 1 SYSTEMPATH\Database\BaseBuilder.php(2325): CodeIgniter\Database\BaseConnection->query('INSERT INTO `tb_penulis` (`nama`, `alamat`, `website`) VALUES (:nama:, :alamat:, :website:)', [...], false)
 2 APPPATH\Models\ModelPenulis.php(16): CodeIgniter\Database\BaseBuilder->insert([...])
 3 APPPATH\Controllers\Penulis.php(35): App\Models\ModelPenulis->Tambah([...])
 4 SYSTEMPATH\CodeIgniter.php(933): App\Controllers\Penulis->Tambah()
 5 SYSTEMPATH\CodeIgniter.php(509): CodeIgniter\CodeIgniter->runController(Object(App\Controllers\Penulis))
 6 SYSTEMPATH\CodeIgniter.php(355): CodeIgniter\CodeIgniter->handleRequest(null, Object(Config\Cache), false)
 7 SYSTEMPATH\Boot.php(312): CodeIgniter\CodeIgniter->run()
 8 SYSTEMPATH\Boot.php(67): CodeIgniter\Boot::runCodeIgniter(Object(CodeIgniter\CodeIgniter))
 9 FCPATH\index.php(56): CodeIgniter\Boot::bootWeb(Object(Config\Paths))
10 SYSTEMPATH\Commands\Server\rewrite.php(49): require_once('C:\\xampp\\web-perpus-fixx\\public\\index.php')
CRITICAL - 2024-05-17 12:05:40 --> [Caused by] CodeIgniter\Database\Exceptions\DatabaseException: Duplicate entry '0' for key 'PRIMARY'
in SYSTEMPATH\Database\MySQLi\Connection.php on line 313.
 1 SYSTEMPATH\Database\BaseConnection.php(722): CodeIgniter\Database\MySQLi\Connection->execute('INSERT INTO `tb_penulis` (`nama`, `alamat`, `website`) VALUES (\'Tere Liye\', \'Jakarta\', \'tere.com\')')
 2 SYSTEMPATH\Database\BaseConnection.php(636): CodeIgniter\Database\BaseConnection->simpleQuery('INSERT INTO `tb_penulis` (`nama`, `alamat`, `website`) VALUES (\'Tere Liye\', \'Jakarta\', \'tere.com\')')
 3 SYSTEMPATH\Database\BaseBuilder.php(2325): CodeIgniter\Database\BaseConnection->query('INSERT INTO `tb_penulis` (`nama`, `alamat`, `website`) VALUES (:nama:, :alamat:, :website:)', [...], false)
 4 APPPATH\Models\ModelPenulis.php(16): CodeIgniter\Database\BaseBuilder->insert([...])
 5 APPPATH\Controllers\Penulis.php(35): App\Models\ModelPenulis->Tambah([...])
 6 SYSTEMPATH\CodeIgniter.php(933): App\Controllers\Penulis->Tambah()
 7 SYSTEMPATH\CodeIgniter.php(509): CodeIgniter\CodeIgniter->runController(Object(App\Controllers\Penulis))
 8 SYSTEMPATH\CodeIgniter.php(355): CodeIgniter\CodeIgniter->handleRequest(null, Object(Config\Cache), false)
 9 SYSTEMPATH\Boot.php(312): CodeIgniter\CodeIgniter->run()
10 SYSTEMPATH\Boot.php(67): CodeIgniter\Boot::runCodeIgniter(Object(CodeIgniter\CodeIgniter))
11 FCPATH\index.php(56): CodeIgniter\Boot::bootWeb(Object(Config\Paths))
12 SYSTEMPATH\Commands\Server\rewrite.php(49): require_once('C:\\xampp\\web-perpus-fixx\\public\\index.php')
CRITICAL - 2024-05-17 12:05:40 --> [Caused by] mysqli_sql_exception: Duplicate entry '0' for key 'PRIMARY'
in SYSTEMPATH\Database\MySQLi\Connection.php on line 308.
 1 SYSTEMPATH\Database\MySQLi\Connection.php(308): mysqli->query('INSERT INTO `tb_penulis` (`nama`, `alamat`, `website`) VALUES (\'Tere Liye\', \'Jakarta\', \'tere.com\')', 0)
 2 SYSTEMPATH\Database\BaseConnection.php(722): CodeIgniter\Database\MySQLi\Connection->execute('INSERT INTO `tb_penulis` (`nama`, `alamat`, `website`) VALUES (\'Tere Liye\', \'Jakarta\', \'tere.com\')')
 3 SYSTEMPATH\Database\BaseConnection.php(636): CodeIgniter\Database\BaseConnection->simpleQuery('INSERT INTO `tb_penulis` (`nama`, `alamat`, `website`) VALUES (\'Tere Liye\', \'Jakarta\', \'tere.com\')')
 4 SYSTEMPATH\Database\BaseBuilder.php(2325): CodeIgniter\Database\BaseConnection->query('INSERT INTO `tb_penulis` (`nama`, `alamat`, `website`) VALUES (:nama:, :alamat:, :website:)', [...], false)
 5 APPPATH\Models\ModelPenulis.php(16): CodeIgniter\Database\BaseBuilder->insert([...])
 6 APPPATH\Controllers\Penulis.php(35): App\Models\ModelPenulis->Tambah([...])
 7 SYSTEMPATH\CodeIgniter.php(933): App\Controllers\Penulis->Tambah()
 8 SYSTEMPATH\CodeIgniter.php(509): CodeIgniter\CodeIgniter->runController(Object(App\Controllers\Penulis))
 9 SYSTEMPATH\CodeIgniter.php(355): CodeIgniter\CodeIgniter->handleRequest(null, Object(Config\Cache), false)
10 SYSTEMPATH\Boot.php(312): CodeIgniter\CodeIgniter->run()
11 SYSTEMPATH\Boot.php(67): CodeIgniter\Boot::runCodeIgniter(Object(CodeIgniter\CodeIgniter))
12 FCPATH\index.php(56): CodeIgniter\Boot::bootWeb(Object(Config\Paths))
13 SYSTEMPATH\Commands\Server\rewrite.php(49): require_once('C:\\xampp\\web-perpus-fixx\\public\\index.php')
INFO - 2024-05-17 12:08:04 --> Session: Class initialized using 'CodeIgniter\Session\Handlers\FileHandler' driver.
WARNING - 2024-05-17 12:08:04 --> [DEPRECATED] Creation of dynamic property App\Controllers\Penulis::$ModelPenulis is deprecated in APPPATH\Controllers\Penulis.php on line 13.
 1 SYSTEMPATH\CodeIgniter.php(903): App\Controllers\Penulis->__construct()
 2 SYSTEMPATH\CodeIgniter.php(500): CodeIgniter\CodeIgniter->createController()
 3 SYSTEMPATH\CodeIgniter.php(355): CodeIgniter\CodeIgniter->handleRequest(null, Object(Config\Cache), false)
 4 SYSTEMPATH\Boot.php(312): CodeIgniter\CodeIgniter->run()
 5 SYSTEMPATH\Boot.php(67): CodeIgniter\Boot::runCodeIgniter(Object(CodeIgniter\CodeIgniter))
 6 FCPATH\index.php(56): CodeIgniter\Boot::bootWeb(Object(Config\Paths))
 7 SYSTEMPATH\Commands\Server\rewrite.php(49): require_once('C:\\xampp\\web-perpus-fixx\\public\\index.php')
ERROR - 2024-05-17 12:08:04 --> mysqli_sql_exception: Duplicate entry '0' for key 'PRIMARY' in C:\xampp\web-perpus-fixx\system\Database\MySQLi\Connection.php:308
Stack trace:
#0 C:\xampp\web-perpus-fixx\system\Database\MySQLi\Connection.php(308): mysqli->query('INSERT INTO `tb...', 0)
#1 C:\xampp\web-perpus-fixx\system\Database\BaseConnection.php(722): CodeIgniter\Database\MySQLi\Connection->execute('INSERT INTO `tb...')
#2 C:\xampp\web-perpus-fixx\system\Database\BaseConnection.php(636): CodeIgniter\Database\BaseConnection->simpleQuery('INSERT INTO `tb...')
#3 C:\xampp\web-perpus-fixx\system\Database\BaseBuilder.php(2325): CodeIgniter\Database\BaseConnection->query('INSERT INTO `tb...', Array, false)
#4 C:\xampp\web-perpus-fixx\app\Models\ModelPenulis.php(16): CodeIgniter\Database\BaseBuilder->insert(Array)
#5 C:\xampp\web-perpus-fixx\app\Controllers\Penulis.php(35): App\Models\ModelPenulis->Tambah(Array)
#6 C:\xampp\web-perpus-fixx\system\CodeIgniter.php(933): App\Controllers\Penulis->Tambah()
#7 C:\xampp\web-perpus-fixx\system\CodeIgniter.php(509): CodeIgniter\CodeIgniter->runController(Object(App\Controllers\Penulis))
#8 C:\xampp\web-perpus-fixx\system\CodeIgniter.php(355): CodeIgniter\CodeIgniter->handleRequest(NULL, Object(Config\Cache), false)
#9 C:\xampp\web-perpus-fixx\system\Boot.php(312): CodeIgniter\CodeIgniter->run()
#10 C:\xampp\web-perpus-fixx\system\Boot.php(67): CodeIgniter\Boot::runCodeIgniter(Object(CodeIgniter\CodeIgniter))
#11 C:\xampp\web-perpus-fixx\public\index.php(56): CodeIgniter\Boot::bootWeb(Object(Config\Paths))
#12 C:\xampp\web-perpus-fixx\system\Commands\Server\rewrite.php(49): require_once('C:\\xampp\\web-pe...')
#13 {main}
CRITICAL - 2024-05-17 12:08:04 --> CodeIgniter\Database\Exceptions\DatabaseException: Duplicate entry '0' for key 'PRIMARY'
[Method: GET, Route: Penulis/Tambah]
in SYSTEMPATH\Database\BaseConnection.php on line 676.
 1 SYSTEMPATH\Database\BaseBuilder.php(2325): CodeIgniter\Database\BaseConnection->query('INSERT INTO `tb_penulis` (`nama`, `alamat`, `website`) VALUES (:nama:, :alamat:, :website:)', [...], false)
 2 APPPATH\Models\ModelPenulis.php(16): CodeIgniter\Database\BaseBuilder->insert([...])
 3 APPPATH\Controllers\Penulis.php(35): App\Models\ModelPenulis->Tambah([...])
 4 SYSTEMPATH\CodeIgniter.php(933): App\Controllers\Penulis->Tambah()
 5 SYSTEMPATH\CodeIgniter.php(509): CodeIgniter\CodeIgniter->runController(Object(App\Controllers\Penulis))
 6 SYSTEMPATH\CodeIgniter.php(355): CodeIgniter\CodeIgniter->handleRequest(null, Object(Config\Cache), false)
 7 SYSTEMPATH\Boot.php(312): CodeIgniter\CodeIgniter->run()
 8 SYSTEMPATH\Boot.php(67): CodeIgniter\Boot::runCodeIgniter(Object(CodeIgniter\CodeIgniter))
 9 FCPATH\index.php(56): CodeIgniter\Boot::bootWeb(Object(Config\Paths))
10 SYSTEMPATH\Commands\Server\rewrite.php(49): require_once('C:\\xampp\\web-perpus-fixx\\public\\index.php')
CRITICAL - 2024-05-17 12:08:04 --> [Caused by] CodeIgniter\Database\Exceptions\DatabaseException: Duplicate entry '0' for key 'PRIMARY'
in SYSTEMPATH\Database\MySQLi\Connection.php on line 313.
 1 SYSTEMPATH\Database\BaseConnection.php(722): CodeIgniter\Database\MySQLi\Connection->execute('INSERT INTO `tb_penulis` (`nama`, `alamat`, `website`) VALUES (NULL, NULL, NULL)')
 2 SYSTEMPATH\Database\BaseConnection.php(636): CodeIgniter\Database\BaseConnection->simpleQuery('INSERT INTO `tb_penulis` (`nama`, `alamat`, `website`) VALUES (NULL, NULL, NULL)')
 3 SYSTEMPATH\Database\BaseBuilder.php(2325): CodeIgniter\Database\BaseConnection->query('INSERT INTO `tb_penulis` (`nama`, `alamat`, `website`) VALUES (:nama:, :alamat:, :website:)', [...], false)
 4 APPPATH\Models\ModelPenulis.php(16): CodeIgniter\Database\BaseBuilder->insert([...])
 5 APPPATH\Controllers\Penulis.php(35): App\Models\ModelPenulis->Tambah([...])
 6 SYSTEMPATH\CodeIgniter.php(933): App\Controllers\Penulis->Tambah()
 7 SYSTEMPATH\CodeIgniter.php(509): CodeIgniter\CodeIgniter->runController(Object(App\Controllers\Penulis))
 8 SYSTEMPATH\CodeIgniter.php(355): CodeIgniter\CodeIgniter->handleRequest(null, Object(Config\Cache), false)
 9 SYSTEMPATH\Boot.php(312): CodeIgniter\CodeIgniter->run()
10 SYSTEMPATH\Boot.php(67): CodeIgniter\Boot::runCodeIgniter(Object(CodeIgniter\CodeIgniter))
11 FCPATH\index.php(56): CodeIgniter\Boot::bootWeb(Object(Config\Paths))
12 SYSTEMPATH\Commands\Server\rewrite.php(49): require_once('C:\\xampp\\web-perpus-fixx\\public\\index.php')
CRITICAL - 2024-05-17 12:08:04 --> [Caused by] mysqli_sql_exception: Duplicate entry '0' for key 'PRIMARY'
in SYSTEMPATH\Database\MySQLi\Connection.php on line 308.
 1 SYSTEMPATH\Database\MySQLi\Connection.php(308): mysqli->query('INSERT INTO `tb_penulis` (`nama`, `alamat`, `website`) VALUES (NULL, NULL, NULL)', 0)
 2 SYSTEMPATH\Database\BaseConnection.php(722): CodeIgniter\Database\MySQLi\Connection->execute('INSERT INTO `tb_penulis` (`nama`, `alamat`, `website`) VALUES (NULL, NULL, NULL)')
 3 SYSTEMPATH\Database\BaseConnection.php(636): CodeIgniter\Database\BaseConnection->simpleQuery('INSERT INTO `tb_penulis` (`nama`, `alamat`, `website`) VALUES (NULL, NULL, NULL)')
 4 SYSTEMPATH\Database\BaseBuilder.php(2325): CodeIgniter\Database\BaseConnection->query('INSERT INTO `tb_penulis` (`nama`, `alamat`, `website`) VALUES (:nama:, :alamat:, :website:)', [...], false)
 5 APPPATH\Models\ModelPenulis.php(16): CodeIgniter\Database\BaseBuilder->insert([...])
 6 APPPATH\Controllers\Penulis.php(35): App\Models\ModelPenulis->Tambah([...])
 7 SYSTEMPATH\CodeIgniter.php(933): App\Controllers\Penulis->Tambah()
 8 SYSTEMPATH\CodeIgniter.php(509): CodeIgniter\CodeIgniter->runController(Object(App\Controllers\Penulis))
 9 SYSTEMPATH\CodeIgniter.php(355): CodeIgniter\CodeIgniter->handleRequest(null, Object(Config\Cache), false)
10 SYSTEMPATH\Boot.php(312): CodeIgniter\CodeIgniter->run()
11 SYSTEMPATH\Boot.php(67): CodeIgniter\Boot::runCodeIgniter(Object(CodeIgniter\CodeIgniter))
12 FCPATH\index.php(56): CodeIgniter\Boot::bootWeb(Object(Config\Paths))
13 SYSTEMPATH\Commands\Server\rewrite.php(49): require_once('C:\\xampp\\web-perpus-fixx\\public\\index.php')
INFO - 2024-05-17 12:08:06 --> Session: Class initialized using 'CodeIgniter\Session\Handlers\FileHandler' driver.
WARNING - 2024-05-17 12:08:06 --> [DEPRECATED] Creation of dynamic property App\Controllers\Penulis::$ModelPenulis is deprecated in APPPATH\Controllers\Penulis.php on line 13.
 1 SYSTEMPATH\CodeIgniter.php(903): App\Controllers\Penulis->__construct()
 2 SYSTEMPATH\CodeIgniter.php(500): CodeIgniter\CodeIgniter->createController()
 3 SYSTEMPATH\CodeIgniter.php(355): CodeIgniter\CodeIgniter->handleRequest(null, Object(Config\Cache), false)
 4 SYSTEMPATH\Boot.php(312): CodeIgniter\CodeIgniter->run()
 5 SYSTEMPATH\Boot.php(67): CodeIgniter\Boot::runCodeIgniter(Object(CodeIgniter\CodeIgniter))
 6 FCPATH\index.php(56): CodeIgniter\Boot::bootWeb(Object(Config\Paths))
 7 SYSTEMPATH\Commands\Server\rewrite.php(49): require_once('C:\\xampp\\web-perpus-fixx\\public\\index.php')
ERROR - 2024-05-17 12:08:06 --> mysqli_sql_exception: Duplicate entry '0' for key 'PRIMARY' in C:\xampp\web-perpus-fixx\system\Database\MySQLi\Connection.php:308
Stack trace:
#0 C:\xampp\web-perpus-fixx\system\Database\MySQLi\Connection.php(308): mysqli->query('INSERT INTO `tb...', 0)
#1 C:\xampp\web-perpus-fixx\system\Database\BaseConnection.php(722): CodeIgniter\Database\MySQLi\Connection->execute('INSERT INTO `tb...')
#2 C:\xampp\web-perpus-fixx\system\Database\BaseConnection.php(636): CodeIgniter\Database\BaseConnection->simpleQuery('INSERT INTO `tb...')
#3 C:\xampp\web-perpus-fixx\system\Database\BaseBuilder.php(2325): CodeIgniter\Database\BaseConnection->query('INSERT INTO `tb...', Array, false)
#4 C:\xampp\web-perpus-fixx\app\Models\ModelPenulis.php(16): CodeIgniter\Database\BaseBuilder->insert(Array)
#5 C:\xampp\web-perpus-fixx\app\Controllers\Penulis.php(35): App\Models\ModelPenulis->Tambah(Array)
#6 C:\xampp\web-perpus-fixx\system\CodeIgniter.php(933): App\Controllers\Penulis->Tambah()
#7 C:\xampp\web-perpus-fixx\system\CodeIgniter.php(509): CodeIgniter\CodeIgniter->runController(Object(App\Controllers\Penulis))
#8 C:\xampp\web-perpus-fixx\system\CodeIgniter.php(355): CodeIgniter\CodeIgniter->handleRequest(NULL, Object(Config\Cache), false)
#9 C:\xampp\web-perpus-fixx\system\Boot.php(312): CodeIgniter\CodeIgniter->run()
#10 C:\xampp\web-perpus-fixx\system\Boot.php(67): CodeIgniter\Boot::runCodeIgniter(Object(CodeIgniter\CodeIgniter))
#11 C:\xampp\web-perpus-fixx\public\index.php(56): CodeIgniter\Boot::bootWeb(Object(Config\Paths))
#12 C:\xampp\web-perpus-fixx\system\Commands\Server\rewrite.php(49): require_once('C:\\xampp\\web-pe...')
#13 {main}
CRITICAL - 2024-05-17 12:08:06 --> CodeIgniter\Database\Exceptions\DatabaseException: Duplicate entry '0' for key 'PRIMARY'
[Method: GET, Route: Penulis/Tambah]
in SYSTEMPATH\Database\BaseConnection.php on line 676.
 1 SYSTEMPATH\Database\BaseBuilder.php(2325): CodeIgniter\Database\BaseConnection->query('INSERT INTO `tb_penulis` (`nama`, `alamat`, `website`) VALUES (:nama:, :alamat:, :website:)', [...], false)
 2 APPPATH\Models\ModelPenulis.php(16): CodeIgniter\Database\BaseBuilder->insert([...])
 3 APPPATH\Controllers\Penulis.php(35): App\Models\ModelPenulis->Tambah([...])
 4 SYSTEMPATH\CodeIgniter.php(933): App\Controllers\Penulis->Tambah()
 5 SYSTEMPATH\CodeIgniter.php(509): CodeIgniter\CodeIgniter->runController(Object(App\Controllers\Penulis))
 6 SYSTEMPATH\CodeIgniter.php(355): CodeIgniter\CodeIgniter->handleRequest(null, Object(Config\Cache), false)
 7 SYSTEMPATH\Boot.php(312): CodeIgniter\CodeIgniter->run()
 8 SYSTEMPATH\Boot.php(67): CodeIgniter\Boot::runCodeIgniter(Object(CodeIgniter\CodeIgniter))
 9 FCPATH\index.php(56): CodeIgniter\Boot::bootWeb(Object(Config\Paths))
10 SYSTEMPATH\Commands\Server\rewrite.php(49): require_once('C:\\xampp\\web-perpus-fixx\\public\\index.php')
CRITICAL - 2024-05-17 12:08:06 --> [Caused by] CodeIgniter\Database\Exceptions\DatabaseException: Duplicate entry '0' for key 'PRIMARY'
in SYSTEMPATH\Database\MySQLi\Connection.php on line 313.
 1 SYSTEMPATH\Database\BaseConnection.php(722): CodeIgniter\Database\MySQLi\Connection->execute('INSERT INTO `tb_penulis` (`nama`, `alamat`, `website`) VALUES (NULL, NULL, NULL)')
 2 SYSTEMPATH\Database\BaseConnection.php(636): CodeIgniter\Database\BaseConnection->simpleQuery('INSERT INTO `tb_penulis` (`nama`, `alamat`, `website`) VALUES (NULL, NULL, NULL)')
 3 SYSTEMPATH\Database\BaseBuilder.php(2325): CodeIgniter\Database\BaseConnection->query('INSERT INTO `tb_penulis` (`nama`, `alamat`, `website`) VALUES (:nama:, :alamat:, :website:)', [...], false)
 4 APPPATH\Models\ModelPenulis.php(16): CodeIgniter\Database\BaseBuilder->insert([...])
 5 APPPATH\Controllers\Penulis.php(35): App\Models\ModelPenulis->Tambah([...])
 6 SYSTEMPATH\CodeIgniter.php(933): App\Controllers\Penulis->Tambah()
 7 SYSTEMPATH\CodeIgniter.php(509): CodeIgniter\CodeIgniter->runController(Object(App\Controllers\Penulis))
 8 SYSTEMPATH\CodeIgniter.php(355): CodeIgniter\CodeIgniter->handleRequest(null, Object(Config\Cache), false)
 9 SYSTEMPATH\Boot.php(312): CodeIgniter\CodeIgniter->run()
10 SYSTEMPATH\Boot.php(67): CodeIgniter\Boot::runCodeIgniter(Object(CodeIgniter\CodeIgniter))
11 FCPATH\index.php(56): CodeIgniter\Boot::bootWeb(Object(Config\Paths))
12 SYSTEMPATH\Commands\Server\rewrite.php(49): require_once('C:\\xampp\\web-perpus-fixx\\public\\index.php')
CRITICAL - 2024-05-17 12:08:06 --> [Caused by] mysqli_sql_exception: Duplicate entry '0' for key 'PRIMARY'
in SYSTEMPATH\Database\MySQLi\Connection.php on line 308.
 1 SYSTEMPATH\Database\MySQLi\Connection.php(308): mysqli->query('INSERT INTO `tb_penulis` (`nama`, `alamat`, `website`) VALUES (NULL, NULL, NULL)', 0)
 2 SYSTEMPATH\Database\BaseConnection.php(722): CodeIgniter\Database\MySQLi\Connection->execute('INSERT INTO `tb_penulis` (`nama`, `alamat`, `website`) VALUES (NULL, NULL, NULL)')
 3 SYSTEMPATH\Database\BaseConnection.php(636): CodeIgniter\Database\BaseConnection->simpleQuery('INSERT INTO `tb_penulis` (`nama`, `alamat`, `website`) VALUES (NULL, NULL, NULL)')
 4 SYSTEMPATH\Database\BaseBuilder.php(2325): CodeIgniter\Database\BaseConnection->query('INSERT INTO `tb_penulis` (`nama`, `alamat`, `website`) VALUES (:nama:, :alamat:, :website:)', [...], false)
 5 APPPATH\Models\ModelPenulis.php(16): CodeIgniter\Database\BaseBuilder->insert([...])
 6 APPPATH\Controllers\Penulis.php(35): App\Models\ModelPenulis->Tambah([...])
 7 SYSTEMPATH\CodeIgniter.php(933): App\Controllers\Penulis->Tambah()
 8 SYSTEMPATH\CodeIgniter.php(509): CodeIgniter\CodeIgniter->runController(Object(App\Controllers\Penulis))
 9 SYSTEMPATH\CodeIgniter.php(355): CodeIgniter\CodeIgniter->handleRequest(null, Object(Config\Cache), false)
10 SYSTEMPATH\Boot.php(312): CodeIgniter\CodeIgniter->run()
11 SYSTEMPATH\Boot.php(67): CodeIgniter\Boot::runCodeIgniter(Object(CodeIgniter\CodeIgniter))
12 FCPATH\index.php(56): CodeIgniter\Boot::bootWeb(Object(Config\Paths))
13 SYSTEMPATH\Commands\Server\rewrite.php(49): require_once('C:\\xampp\\web-perpus-fixx\\public\\index.php')
INFO - 2024-05-17 12:08:08 --> Session: Class initialized using 'CodeIgniter\Session\Handlers\FileHandler' driver.
WARNING - 2024-05-17 12:08:08 --> [DEPRECATED] Creation of dynamic property App\Controllers\Penulis::$ModelPenulis is deprecated in APPPATH\Controllers\Penulis.php on line 13.
 1 SYSTEMPATH\CodeIgniter.php(903): App\Controllers\Penulis->__construct()
 2 SYSTEMPATH\CodeIgniter.php(500): CodeIgniter\CodeIgniter->createController()
 3 SYSTEMPATH\CodeIgniter.php(355): CodeIgniter\CodeIgniter->handleRequest(null, Object(Config\Cache), false)
 4 SYSTEMPATH\Boot.php(312): CodeIgniter\CodeIgniter->run()
 5 SYSTEMPATH\Boot.php(67): CodeIgniter\Boot::runCodeIgniter(Object(CodeIgniter\CodeIgniter))
 6 FCPATH\index.php(56): CodeIgniter\Boot::bootWeb(Object(Config\Paths))
 7 SYSTEMPATH\Commands\Server\rewrite.php(49): require_once('C:\\xampp\\web-perpus-fixx\\public\\index.php')
INFO - 2024-05-17 12:08:10 --> Session: Class initialized using 'CodeIgniter\Session\Handlers\FileHandler' driver.
WARNING - 2024-05-17 12:08:10 --> [DEPRECATED] Creation of dynamic property App\Controllers\Penulis::$ModelPenulis is deprecated in APPPATH\Controllers\Penulis.php on line 13.
 1 SYSTEMPATH\CodeIgniter.php(903): App\Controllers\Penulis->__construct()
 2 SYSTEMPATH\CodeIgniter.php(500): CodeIgniter\CodeIgniter->createController()
 3 SYSTEMPATH\CodeIgniter.php(355): CodeIgniter\CodeIgniter->handleRequest(null, Object(Config\Cache), false)
 4 SYSTEMPATH\Boot.php(312): CodeIgniter\CodeIgniter->run()
 5 SYSTEMPATH\Boot.php(67): CodeIgniter\Boot::runCodeIgniter(Object(CodeIgniter\CodeIgniter))
 6 FCPATH\index.php(56): CodeIgniter\Boot::bootWeb(Object(Config\Paths))
 7 SYSTEMPATH\Commands\Server\rewrite.php(49): require_once('C:\\xampp\\web-perpus-fixx\\public\\index.php')
INFO - 2024-05-17 12:10:02 --> Session: Class initialized using 'CodeIgniter\Session\Handlers\FileHandler' driver.
WARNING - 2024-05-17 12:10:02 --> [DEPRECATED] Creation of dynamic property App\Controllers\Anggota::$ModelAnggota is deprecated in APPPATH\Controllers\Anggota.php on line 13.
 1 SYSTEMPATH\CodeIgniter.php(903): App\Controllers\Anggota->__construct()
 2 SYSTEMPATH\CodeIgniter.php(500): CodeIgniter\CodeIgniter->createController()
 3 SYSTEMPATH\CodeIgniter.php(355): CodeIgniter\CodeIgniter->handleRequest(null, Object(Config\Cache), false)
 4 SYSTEMPATH\Boot.php(312): CodeIgniter\CodeIgniter->run()
 5 SYSTEMPATH\Boot.php(67): CodeIgniter\Boot::runCodeIgniter(Object(CodeIgniter\CodeIgniter))
 6 FCPATH\index.php(56): CodeIgniter\Boot::bootWeb(Object(Config\Paths))
 7 SYSTEMPATH\Commands\Server\rewrite.php(49): require_once('C:\\xampp\\web-perpus-fixx\\public\\index.php')
INFO - 2024-05-17 12:10:39 --> Session: Class initialized using 'CodeIgniter\Session\Handlers\FileHandler' driver.
WARNING - 2024-05-17 12:10:39 --> [DEPRECATED] Creation of dynamic property App\Controllers\Anggota::$ModelAnggota is deprecated in APPPATH\Controllers\Anggota.php on line 13.
 1 SYSTEMPATH\CodeIgniter.php(903): App\Controllers\Anggota->__construct()
 2 SYSTEMPATH\CodeIgniter.php(500): CodeIgniter\CodeIgniter->createController()
 3 SYSTEMPATH\CodeIgniter.php(355): CodeIgniter\CodeIgniter->handleRequest(null, Object(Config\Cache), false)
 4 SYSTEMPATH\Boot.php(312): CodeIgniter\CodeIgniter->run()
 5 SYSTEMPATH\Boot.php(67): CodeIgniter\Boot::runCodeIgniter(Object(CodeIgniter\CodeIgniter))
 6 FCPATH\index.php(56): CodeIgniter\Boot::bootWeb(Object(Config\Paths))
 7 SYSTEMPATH\Commands\Server\rewrite.php(49): require_once('C:\\xampp\\web-perpus-fixx\\public\\index.php')
WARNING - 2024-05-17 12:10:47 --> [DEPRECATED] Creation of dynamic property App\Controllers\Auth::$ModelAuth is deprecated in APPPATH\Controllers\Auth.php on line 11.
 1 SYSTEMPATH\CodeIgniter.php(903): App\Controllers\Auth->__construct()
 2 SYSTEMPATH\CodeIgniter.php(500): CodeIgniter\CodeIgniter->createController()
 3 SYSTEMPATH\CodeIgniter.php(355): CodeIgniter\CodeIgniter->handleRequest(null, Object(Config\Cache), false)
 4 SYSTEMPATH\Boot.php(312): CodeIgniter\CodeIgniter->run()
 5 SYSTEMPATH\Boot.php(67): CodeIgniter\Boot::runCodeIgniter(Object(CodeIgniter\CodeIgniter))
 6 FCPATH\index.php(56): CodeIgniter\Boot::bootWeb(Object(Config\Paths))
 7 SYSTEMPATH\Commands\Server\rewrite.php(49): require_once('C:\\xampp\\web-perpus-fixx\\public\\index.php')
INFO - 2024-05-17 12:10:47 --> Session: Class initialized using 'CodeIgniter\Session\Handlers\FileHandler' driver.
WARNING - 2024-05-17 12:10:57 --> [DEPRECATED] Creation of dynamic property App\Controllers\Auth::$ModelAuth is deprecated in APPPATH\Controllers\Auth.php on line 11.
 1 SYSTEMPATH\CodeIgniter.php(903): App\Controllers\Auth->__construct()
 2 SYSTEMPATH\CodeIgniter.php(500): CodeIgniter\CodeIgniter->createController()
 3 SYSTEMPATH\CodeIgniter.php(355): CodeIgniter\CodeIgniter->handleRequest(null, Object(Config\Cache), false)
 4 SYSTEMPATH\Boot.php(312): CodeIgniter\CodeIgniter->run()
 5 SYSTEMPATH\Boot.php(67): CodeIgniter\Boot::runCodeIgniter(Object(CodeIgniter\CodeIgniter))
 6 FCPATH\index.php(56): CodeIgniter\Boot::bootWeb(Object(Config\Paths))
 7 SYSTEMPATH\Commands\Server\rewrite.php(49): require_once('C:\\xampp\\web-perpus-fixx\\public\\index.php')
INFO - 2024-05-17 12:10:57 --> Session: Class initialized using 'CodeIgniter\Session\Handlers\FileHandler' driver.
WARNING - 2024-05-17 12:10:57 --> [DEPRECATED] Creation of dynamic property App\Controllers\Auth::$ModelAuth is deprecated in APPPATH\Controllers\Auth.php on line 11.
 1 SYSTEMPATH\CodeIgniter.php(903): App\Controllers\Auth->__construct()
 2 SYSTEMPATH\CodeIgniter.php(500): CodeIgniter\CodeIgniter->createController()
 3 SYSTEMPATH\CodeIgniter.php(355): CodeIgniter\CodeIgniter->handleRequest(null, Object(Config\Cache), false)
 4 SYSTEMPATH\Boot.php(312): CodeIgniter\CodeIgniter->run()
 5 SYSTEMPATH\Boot.php(67): CodeIgniter\Boot::runCodeIgniter(Object(CodeIgniter\CodeIgniter))
 6 FCPATH\index.php(56): CodeIgniter\Boot::bootWeb(Object(Config\Paths))
 7 SYSTEMPATH\Commands\Server\rewrite.php(49): require_once('C:\\xampp\\web-perpus-fixx\\public\\index.php')
INFO - 2024-05-17 12:10:57 --> Session: Class initialized using 'CodeIgniter\Session\Handlers\FileHandler' driver.
WARNING - 2024-05-17 12:11:05 --> [DEPRECATED] Creation of dynamic property App\Controllers\Auth::$ModelAuth is deprecated in APPPATH\Controllers\Auth.php on line 11.
 1 SYSTEMPATH\CodeIgniter.php(903): App\Controllers\Auth->__construct()
 2 SYSTEMPATH\CodeIgniter.php(500): CodeIgniter\CodeIgniter->createController()
 3 SYSTEMPATH\CodeIgniter.php(355): CodeIgniter\CodeIgniter->handleRequest(null, Object(Config\Cache), false)
 4 SYSTEMPATH\Boot.php(312): CodeIgniter\CodeIgniter->run()
 5 SYSTEMPATH\Boot.php(67): CodeIgniter\Boot::runCodeIgniter(Object(CodeIgniter\CodeIgniter))
 6 FCPATH\index.php(56): CodeIgniter\Boot::bootWeb(Object(Config\Paths))
 7 SYSTEMPATH\Commands\Server\rewrite.php(49): require_once('C:\\xampp\\web-perpus-fixx\\public\\index.php')
INFO - 2024-05-17 12:11:05 --> Session: Class initialized using 'CodeIgniter\Session\Handlers\FileHandler' driver.
INFO - 2024-05-17 12:11:05 --> Session: Class initialized using 'CodeIgniter\Session\Handlers\FileHandler' driver.
WARNING - 2024-05-17 12:11:05 --> [DEPRECATED] Creation of dynamic property App\Controllers\DashboardAnggota::$ModelAnggota is deprecated in APPPATH\Controllers\DashboardAnggota.php on line 14.
 1 SYSTEMPATH\CodeIgniter.php(903): App\Controllers\DashboardAnggota->__construct()
 2 SYSTEMPATH\CodeIgniter.php(500): CodeIgniter\CodeIgniter->createController()
 3 SYSTEMPATH\CodeIgniter.php(355): CodeIgniter\CodeIgniter->handleRequest(null, Object(Config\Cache), false)
 4 SYSTEMPATH\Boot.php(312): CodeIgniter\CodeIgniter->run()
 5 SYSTEMPATH\Boot.php(67): CodeIgniter\Boot::runCodeIgniter(Object(CodeIgniter\CodeIgniter))
 6 FCPATH\index.php(56): CodeIgniter\Boot::bootWeb(Object(Config\Paths))
 7 SYSTEMPATH\Commands\Server\rewrite.php(49): require_once('C:\\xampp\\web-perpus-fixx\\public\\index.php')
WARNING - 2024-05-17 12:11:05 --> [DEPRECATED] Creation of dynamic property App\Controllers\DashboardAnggota::$ModelPeminjaman is deprecated in APPPATH\Controllers\DashboardAnggota.php on line 15.
 1 SYSTEMPATH\CodeIgniter.php(903): App\Controllers\DashboardAnggota->__construct()
 2 SYSTEMPATH\CodeIgniter.php(500): CodeIgniter\CodeIgniter->createController()
 3 SYSTEMPATH\CodeIgniter.php(355): CodeIgniter\CodeIgniter->handleRequest(null, Object(Config\Cache), false)
 4 SYSTEMPATH\Boot.php(312): CodeIgniter\CodeIgniter->run()
 5 SYSTEMPATH\Boot.php(67): CodeIgniter\Boot::runCodeIgniter(Object(CodeIgniter\CodeIgniter))
 6 FCPATH\index.php(56): CodeIgniter\Boot::bootWeb(Object(Config\Paths))
 7 SYSTEMPATH\Commands\Server\rewrite.php(49): require_once('C:\\xampp\\web-perpus-fixx\\public\\index.php')
INFO - 2024-05-17 12:13:40 --> Session: Class initialized using 'CodeIgniter\Session\Handlers\FileHandler' driver.
WARNING - 2024-05-17 12:13:40 --> [DEPRECATED] Creation of dynamic property App\Controllers\DashboardAnggota::$ModelAnggota is deprecated in APPPATH\Controllers\DashboardAnggota.php on line 14.
 1 SYSTEMPATH\CodeIgniter.php(903): App\Controllers\DashboardAnggota->__construct()
 2 SYSTEMPATH\CodeIgniter.php(500): CodeIgniter\CodeIgniter->createController()
 3 SYSTEMPATH\CodeIgniter.php(355): CodeIgniter\CodeIgniter->handleRequest(null, Object(Config\Cache), false)
 4 SYSTEMPATH\Boot.php(312): CodeIgniter\CodeIgniter->run()
 5 SYSTEMPATH\Boot.php(67): CodeIgniter\Boot::runCodeIgniter(Object(CodeIgniter\CodeIgniter))
 6 FCPATH\index.php(56): CodeIgniter\Boot::bootWeb(Object(Config\Paths))
 7 SYSTEMPATH\Commands\Server\rewrite.php(49): require_once('C:\\xampp\\web-perpus-fixx\\public\\index.php')
WARNING - 2024-05-17 12:13:40 --> [DEPRECATED] Creation of dynamic property App\Controllers\DashboardAnggota::$ModelPeminjaman is deprecated in APPPATH\Controllers\DashboardAnggota.php on line 15.
 1 SYSTEMPATH\CodeIgniter.php(903): App\Controllers\DashboardAnggota->__construct()
 2 SYSTEMPATH\CodeIgniter.php(500): CodeIgniter\CodeIgniter->createController()
 3 SYSTEMPATH\CodeIgniter.php(355): CodeIgniter\CodeIgniter->handleRequest(null, Object(Config\Cache), false)
 4 SYSTEMPATH\Boot.php(312): CodeIgniter\CodeIgniter->run()
 5 SYSTEMPATH\Boot.php(67): CodeIgniter\Boot::runCodeIgniter(Object(CodeIgniter\CodeIgniter))
 6 FCPATH\index.php(56): CodeIgniter\Boot::bootWeb(Object(Config\Paths))
 7 SYSTEMPATH\Commands\Server\rewrite.php(49): require_once('C:\\xampp\\web-perpus-fixx\\public\\index.php')
